1635455225121	geckodriver	INFO	Listening on 127.0.0.1:54334
1635455228163	mozrunner::runner	INFO	Running command: "C:\\Program Files\\Mozilla Firefox\\firefox.exe" "--marionette" "--remote-debugging-port" "54335" "-no-remote" "-profile" "C:\\Users\\DARKWI~1\\AppData\\Local\\Temp\\rust_mozprofilezAMpnb"
1635455237991	geckodriver	INFO	Listening on 127.0.0.1:54369
1635455241017	mozrunner::runner	INFO	Running command: "C:\\Program Files\\Mozilla Firefox\\firefox.exe" "--marionette" "--remote-debugging-port" "54370" "-no-remote" "-profile" "C:\\Users\\DARKWI~1\\AppData\\Local\\Temp\\rust_mozprofilelQcDBM"
console.warn: SearchSettings: "get: No settings file exists, new profile?" (new Error("", "(unknown module)"))
DevTools listening on ws://localhost:54370/devtools/browser/b83993b7-92f7-4bd3-b786-d5a0cc54fd85
1635455246394	Marionette	INFO	Listening on port 54384
1635455246586	Marionette	WARN	TLS certificate errors will be ignored for this session
JavaScript error: https://ads.pubmatic.com/AdServer/js/user_sync.html?gdpr=0&p=156307&userIdMacro=PM_UID&us_privacy=1---&predirect=https%3A%2F%2Fsync.taboola.com%2Fsg%2Frtb-pubmatic-network%2F1%2Frtb-h%2F%3Fgdpr%3D0%26taboola_hm%3DPM_UID%26orig%3Dvideo%26us_privacy%3D1---, line 1: ReferenceError: CommonMeta is not defined
JavaScript error: https://ads.pubmatic.com/AdServer/js/user_sync.html?gdpr=0&p=156307&userIdMacro=PM_UID&us_privacy=1---&predirect=https%3A%2F%2Fsync.taboola.com%2Fsg%2Frtb-pubmatic-network%2F1%2Frtb-h%2F%3Fgdpr%3D0%26taboola_hm%3DPM_UID%26orig%3Dvideo%26us_privacy%3D1---, line 1: ReferenceError: CommonMeta is not defined
JavaScript error: https://ads.pubmatic.com/AdServer/js/user_sync.html?gdpr=0&p=156307&userIdMacro=PM_UID&us_privacy=1---&predirect=https%3A%2F%2Fsync.taboola.com%2Fsg%2Frtb-pubmatic-network%2F1%2Frtb-h%2F%3Fgdpr%3D0%26taboola_hm%3DPM_UID%26orig%3Dvideo%26us_privacy%3D1---, line 1: ReferenceError: CommonMeta is not defined
console.log: WebExtensions: reset-default-search: starting.
console.log: WebExtensions: reset-default-search: No addons in our list are installed.
console.error: "Error while calling actor 'layout's method 'getGrids'" "node is null"
console.error: "getGrids@resource://devtools/server/actors/layout.js:502:26\ngetGrids@resource://devtools/server/actors/layout.js:507:43\ngetGrids@resource://devtools/server/actors/layout.js:507:43\ngetGrids@resource://devtools/server/actors/layout.js:507:43\nhandler@resource://devtools/shared/protocol/Actor.js:172:37\nonPacket@resource://devtools/server/devtools-server-connection.js:379:58\nreceiveMessage@resource://devtools/shared/transport/child-transport.js:68:16\n"
JavaScript error: https://ads.pubmatic.com/AdServer/js/user_sync.html?gdpr=0&p=156307&userIdMacro=PM_UID&us_privacy=1---&predirect=https%3A%2F%2Fsync.taboola.com%2Fsg%2Frtb-pubmatic-network%2F1%2Frtb-h%2F%3Fgdpr%3D0%26taboola_hm%3DPM_UID%26orig%3Dvideo%26us_privacy%3D1---, line 1: ReferenceError: CommonMeta is not defined
!!! error running onStopped callback: TypeError: callback is not a function
JavaScript error: , line 0: TypeError: NetworkError when attempting to fetch resource.
1635457820830	Marionette	INFO	Stopped listening on port 54384

###!!! [Child][RunMessage] Error: Channel closing: too late to send/recv, messages will be lost

1635457820906	RemoteAgent	ERROR	unable to stop listener: [Exception... "Component returned failure code: 0x8000ffff (NS_ERROR_UNEXPECTED) [nsIWindowMediator.getEnumerator]"  nsresult: "0x8000ffff (NS_ERROR_UNEXPECTED)"  location: "JS frame :: chrome://remote/content/cdp/observers/TargetObserver.jsm :: stop :: line 61"  data: no] Stack trace: stop()@TargetObserver.jsm:61
unwatchForTabs()@TargetList.jsm:71
unwatchForTargets()@TargetList.jsm:38
destructor()@TargetList.jsm:110
close()@RemoteAgent.jsm:124
: TypeError: callback is not a function
1635457819166	Marionette	INFO	Stopped listening on port 54566

###!!! [Child][RunMessage] Error: Channel closing: too late to send/recv, messages will be lost

1635457819226	RemoteAgent	ERROR	unable to stop listener: [Exception... "Component returned failure code: 0x8000ffff (NS_ERROR_UNEXPECTED) [nsIWindowMediator.getEnumerator]"  nsresult: "0x8000ffff (NS_ERROR_UNEXPECTED)"  location: "JS frame :: chrome://remote/content/cdp/observers/TargetObserver.jsm :: stop :: line 61"  data: no] Stack trace: stop()@TargetObserver.jsm:61
unwatchForTabs()@TargetList.jsm:71
unwatchForTargets()@TargetList.jsm:38
destructor()@TargetList.jsm:110
close()@RemoteAgent.jsm:124
Region.jsm", 772))
console.error: Region.jsm: "Failed to fetch region" (new Error("TIMEOUT", "resource://gre/modules/Region.jsm", 419))
!!! error running onStopped callback: TypeError: callback is not a function
1635457818264	Marionette	INFO	Stopped listening on port 57077
1635457818318	RemoteAgent	ERROR	unable to stop listener: [Exception... "Component returned failure code: 0x8000ffff (NS_ERROR_UNEXPECTED) [nsIWindowMediator.getEnumerator]"  nsresult: "0x8000ffff (NS_ERROR_UNEXPECTED)"  location: "JS frame :: chrome://remote/content/cdp/observers/TargetObserver.jsm :: stop :: line 61"  data: no] Stack trace: stop()@TargetObserver.jsm:61
unwatchForTabs()@TargetList.jsm:71
unwatchForTargets()@TargetList.jsm:38
destructor()@TargetList.jsm:110
close()@RemoteAgent.jsm:124
on
1635457649844	Marionette	WARN	Ignoring event 'DOMContentLoaded' because document has an invalid readyState of 'complete'.
JavaScript error: https://ads.pubmatic.com/AdServer/js/user_sync.html?gdpr=0&gdpr_consent=&us_privacy=&predirect=https%3A%2F%2Fsync.console.adtarget.com.tr%2Fcsync%3Ft%3Da%26ep%3D307406%26extuid%3D, line 1: ReferenceError: CommonMeta is not defined
JavaScript error: https://ads.pubmatic.com/AdServer/js/user_sync.html?p=156631&s=&predirect=https%3A%2F%2Fu-iad04.e-planning.net%2Fum%3Fdc%3Da208d9366469aa64%26fi%3D637f360013423947%26uid%3D, line 1: ReferenceError: CommonMeta is not defined
JavaScript error: resource://gre/modules/XULStore.jsm, line 66: Error: Can't find profile directory.
JavaScript error: https://ads.pubmatic.com/AdServer/js/user_sync.html?kdntuid=1&p=156595, line 1: ReferenceError: CommonMeta is not defined
JavaScript error: https://ads.pubmatic.com/AdServer/js/user_sync.html?kdntuid=1&p=158008, line 1: ReferenceError: CommonMeta is not defined
JavaScript error: https://ads.pubmatic.com/AdServer/js/user_sync.html?predirect=https%3A%2F%2Frtb.gumgum.com%2Fusersync%3Fb%3Dpbm%26i%3D&gdpr=&gdprConsent=, line 1: ReferenceError: CommonMeta is not defined
1635457664634	Marionette	WARN	Ignoring event 'pageshow' because document has an invalid readyState of 'uninitialized'.
JavaScript error: https://ads.pubmatic.com/AdServer/js/user_sync.html?p=159196&userIdMacro=PM_UID&gdpr=0&gdpr_consent=&predirect=https%3A%2F%2Flive.primis.tech%2Flive%2FliveCS.php%3Fsource%3Dexternal%26csuuid%3D617b1a7432353%26pixel%3D%26advId%3D91%26advUuid%3DPM_UID%26gdpr%3D0%26gdpr_consent%3D, line 1: ReferenceError: CommonMeta is not defined
JavaScript error: https://ads.pubmatic.com/AdServer/js/user_sync.html?p=156011&s=165626&predirect=https%3A%2F%2Fs.amazon-adsystem.com%2Fecm3%3Fid%3DPM_UID%26ex%3Dpubmatic.com&userIdMacro=PM_UID, line 1: ReferenceError: CommonMeta is not defined
!!! error running onStopped callback: TypeError: callback is not a function
JavaScript error: , line 0: TypeError: NetworkError when attempting to fetch resource.
JavaScript error: , line 0: TypeError: NetworkError when attempting to fetch resource.
JavaScript error: , line 0: TypeError: NetworkError when attempting to fetch resource.
JavaScript error: , line 0: TypeError: NetworkError when attempting to fetch resource.
JavaScript error: , line 0: TypeError: NetworkError when attempting to fetch resource.
JavaScript error: , line 0: TypeError: NetworkError when attempting to fetch resource.
1635457916803	Marionette	INFO	Stopped listening on port 57484

###!!! [Child][RunMessage] Error: Channel closing: too late to send/recv, messages will be lost

1635457916839	RemoteAgent	ERROR	unable to stop listener: [Exception... "Component returned failure code: 0x8000ffff (NS_ERROR_UNEXPECTED) [nsIWindowMediator.getEnumerator]"  nsresult: "0x8000ffff (NS_ERROR_UNEXPECTED)"  location: "JS frame :: chrome://remote/content/cdp/observers/TargetObserver.jsm :: stop :: line 61"  data: no] Stack trace: stop()@TargetObserver.jsm:61
unwatchForTabs()@TargetList.jsm:71
unwatchForTargets()@TargetList.jsm:38
destructor()@TargetList.jsm:110
close()@RemoteAgent.jsm:124
tr%2Fcsync%3Ft%3Da%26ep%3D307406%26extuid%3D, line 1: ReferenceError: CommonMeta is not defined
JavaScript error: https://ads.pubmatic.com/AdServer/js/user_sync.html?kdntuid=1&p=158008, line 1: ReferenceError: CommonMeta is not defined
JavaScript error: https://ads.pubmatic.com/AdServer/js/user_sync.html?kdntuid=1&p=156595, line 1: ReferenceError: CommonMeta is not defined
JavaScript error: resource://gre/modules/XULStore.jsm, line 66: Error: Can't find profile directory.
JavaScript error: https://ads.pubmatic.com/AdServer/js/user_sync.html?p=156631&s=&predirect=https%3A%2F%2Fu-iad04.e-planning.net%2Fum%3Fdc%3Da208d9366469aa64%26fi%3D3c949a3b3b79cffa%26uid%3D, line 1: ReferenceError: CommonMeta is not defined
1635457904943	Marionette	INFO	Stopped listening on port 52301
!!! error running onStopped callback: TypeError: callback is not a function
JavaScript error: , line 0: TypeError: NetworkError when attempting to fetch resource.
JavaScript error: , line 0: TypeError: NetworkError when attempting to fetch resource.
JavaScript error: , line 0: TypeError: NetworkError when attempting to fetch resource.
JavaScript error: , line 0: TypeError: NetworkError when attempting to fetch resource.
JavaScript error: , line 0: TypeError: NetworkError when attempting to fetch resource.
JavaScript error: , line 0: TypeError: NetworkError when attempting to fetch resource.
JavaScript error: , line 0: TypeError: NetworkError when attempting to fetch resource.

###!!! [Child][MessageChannel] Error: (msgtype=0x3A0143,name=PContent::Msg_ScriptError) Channel closing: too late to send/recv, messages will be lost


###!!! [Child][MessageChannel] Error: (msgtype=0xB60006,name=PWebSocket::Msg_DeleteSelf) Channel closing: too late to send/recv, messages will be lost


###!!! [Child][RunMessage] Error: Channel closing: too late to send/recv, messages will be lost

JavaScript error: resource://gre/modules/CrashManager.jsm, line 833: NotAllowedError: Shutting down and refusing additional I/O tasks
1635457906101	RemoteAgent	ERROR	unable to stop listener: [Exception... "Component returned failure code: 0x8000ffff (NS_ERROR_UNEXPECTED) [nsIWindowMediator.getEnumerator]"  nsresult: "0x8000ffff (NS_ERROR_UNEXPECTED)"  location: "JS frame :: chrome://remote/content/cdp/observers/TargetObserver.jsm :: stop :: line 61"  data: no] Stack trace: stop()@TargetObserver.jsm:61
unwatchForTabs()@TargetList.jsm:71
unwatchForTargets()@TargetList.jsm:38
destructor()@TargetList.jsm:110
close()@RemoteAgent.jsm:124
1635458638042	geckodriver	INFO	Listening on 127.0.0.1:64721
1635458641078	mozrunner::runner	INFO	Running command: "C:\\Program Files\\Mozilla Firefox\\firefox.exe" "--marionette" "--remote-debugging-port" "64722" "-no-remote" "-profile" "C:\\Users\\DARKWI~1\\AppData\\Local\\Temp\\rust_mozprofilenXYEt8"
console.warn: SearchSettings: "get: No settings file exists, new profile?" (new Error("", "(unknown module)"))
DevTools listening on ws://localhost:64722/devtools/browser/f57a13b6-b690-4f5a-88af-81076e87702b
1635458646328	Marionette	INFO	Listening on port 64730
1635458646415	Marionette	WARN	TLS certificate errors will be ignored for this session
console.error: Region.jsm: "Error fetching region" (new Error("TIMEOUT", "resource://gre/modules/Region.jsm", 772))
console.error: Region.jsm: "Failed to fetch region" (new Error("TIMEOUT", "resource://gre/modules/Region.jsm", 419))
!!! error running onStopped callback: TypeError: callback is not a function
1635458879055	Marionette	INFO	Stopped listening on port 64730

###!!! [Child][RunMessage] Error: Channel closing: too late to send/recv, messages will be lost

1635458879084	RemoteAgent	ERROR	unable to stop listener: [Exception... "Component returned failure code: 0x8000ffff (NS_ERROR_UNEXPECTED) [nsIWindowMediator.getEnumerator]"  nsresult: "0x8000ffff (NS_ERROR_UNEXPECTED)"  location: "JS frame :: chrome://remote/content/cdp/observers/TargetObserver.jsm :: stop :: line 61"  data: no] Stack trace: stop()@TargetObserver.jsm:61
unwatchForTabs()@TargetList.jsm:71
unwa!!! error running onStopped callback: TypeError: callback is not a function
1635458884526	Marionette	INFO	Stopped listening on port 65002

###!!! [Child][RunMessage] Error: Channel closing: too late to send/recv, messages will be lost

1635458884768	RemoteAgent	ERROR	unable to stop listener: [Exception... "Component returned failure code: 0x8000ffff (NS_ERROR_UNEXPECTED) [nsIWindowMediator.getEnumerator]"  nsresult: "0x8000ffff (NS_ERROR_UNEXPECTED)"  location: "JS frame :: chrome://remote/content/cdp/observers/TargetObserver.jsm :: stop :: line 61"  data: no] Stack trace: stop()@TargetObserver.jsm:61
unwatchForTabs()@TargetList.jsm:71
unwatchForTargets()@TargetList.jsm:38
destructor()@TargetList.jsm:110
close()@RemoteAgent.jsm:124
1635458912963	geckodriver	INFO	Listening on 127.0.0.1:65336
1635458916031	mozrunner::runner	INFO	Running command: "C:\\Program Files\\Mozilla Firefox\\firefox.exe" "--marionette" "--remote-debugging-port" "65337" "-no-remote" "-profile" "C:\\Users\\DARKWI~1\\AppData\\Local\\Temp\\rust_mozprofileApFMlg"
console.warn: SearchSettings: "get: No settings file exists, new profile?" (new Error("", "(unknown module)"))
DevTools listening on ws://localhost:65337/devtools/browser/6c215176-dbc2-4b4e-ab51-5bc772cc1071
1635458919430	Marionette	INFO	Listening on port 65344
1635458919753	Marionette	WARN	TLS certificate errors will be ignored for this session
console.error: Region.jsm: "Error fetching region" (new Error("TIMEOUT", "resource://gre/modules/Region.jsm", 772))
console.error: Region.jsm: "Failed to fetch region" (new Error("TIMEOUT", "resource://gre/modules/Region.jsm", 419))
!!! error running onStopped callback: TypeError: callback is not a function
1635459379290	Marionette	INFO	Stopped listening on port 65344

###!!! [Child][RunMessage] Error: Channel closing: too late to send/recv, messages will be lost

1635459379326	RemoteAgent	ERROR	unable to stop listener: [Exception... "Component returned failure code: 0x8000ffff (NS_ERROR_UNEXPECTED) [nsIWindowMediator.getEnumerator]"  nsresult: "0x8000ffff (NS_ERROR_UNEXPECTED)"  location: "JS frame :: chrome://remote/content/cdp/observers/TargetObserver.jsm :: stop :: line 61"  data: no] Stack trace: stop()@TargetObserver.jsm:61
unwatchForTabs()@TargetList.jsm:71
unwatchForTargets()@TargetList.jsm:38
destructor()@TargetList.jsm:110
close()@RemoteAgent.jsm:124
1635459384962	geckodriver	INFO	Listening on 127.0.0.1:49537
1635459387994	mozrunner::runner	INFO	Running command: "C:\\Program Files\\Mozilla Firefox\\firefox.exe" "--marionette" "--remote-debugging-port" "49538" "-no-remote" "-profile" "C:\\Users\\DARKWI~1\\AppData\\Local\\Temp\\rust_mozprofileN4fvXI"
console.warn: SearchSettings: "get: No settings file exists, new profile?" (new Error("", "(unknown module)"))
DevTools listening on ws://localhost:49538/devtools/browser/9edce1bf-2a2f-48ff-ad6f-6a0b6c38ca81
1635459391232	Marionette	INFO	Listening on port 49551
1635459391709	Marionette	WARN	TLS certificate errors will be ignored for this session
Marionette threw an error: TypeError: browsingContextFn().currentWindowGlobal is null
getMarionetteCommandsActorProxy/get/<@chrome://marionette/content/actors/MarionetteCommandsParent.jsm:331:29

!!! error running onStopped callback: TypeError: callback is not a function
1635459437660	Marionette	INFO	Stopped listening on port 49551

###!!! [Child][RunMessage] Error: Channel closing: too late to send/recv, messages will be lost

1635459437863	RemoteAgent	ERROR	unable to stop listener: [Exception... "Component returned failure code: 0x8000ffff (NS_ERROR_UNEXPECTED) [nsIWindowMediator.getEnumerator]"  nsresult: "0x8000ffff (NS_ERROR_UNEXPECTED)"  location: "JS frame :: chrome://remote/content/cdp/observers/TargetObserver.jsm :: stop :: line 61"  data: no] Stack trace: stop()@TargetObserver.jsm:61
unwatchForTabs()@TargetList.jsm:71
unwatchForTargets()@TargetList.jsm:38
destructor()@TargetList.jsm:110
close()@RemoteAgent.jsm:124
1635459510107	geckodriver	INFO	Listening on 127.0.0.1:50087
1635459513159	mozrunner::runner	INFO	Running command: "C:\\Program Files\\Mozilla Firefox\\firefox.exe" "--marionette" "--remote-debugging-port" "50088" "-no-remote" "-profile" "C:\\Users\\DARKWI~1\\AppData\\Local\\Temp\\rust_mozprofileJ8e8Dz"
console.warn: SearchSettings: "get: No settings file exists, new profile?" (new Error("", "(unknown module)"))
DevTools listening on ws://localhost:50088/devtools/browser/43b8200e-8f4f-40fe-b74e-5ba8419b9686
1635459516203	Marionette	INFO	Listening on port 50097
1635459516367	Marionette	WARN	TLS certificate errors will be ignored for this session
!!! error running onStopped callback: TypeError: callback is not a function
1635459583539	Marionette	INFO	Stopped listening on port 50097

###!!! [Child][RunMessage] Error: Channel closing: too late to send/recv, messages will be lost

1635459583851	RemoteAgent	ERROR	unable to stop listener: [Exception... "Component returned failure code: 0x8000ffff (NS_ERROR_UNEXPECTED) [nsIWindowMediator.getEnumerator]"  nsresult: "0x8000ffff (NS_ERROR_UNEXPECTED)"  location: "JS frame :: chrome://remote/content/cdp/observers/TargetObserver.jsm :: stop :: line 61"  data: no] Stack trace: stop()@TargetObserver.jsm:61
unwatchForTabs()@TargetList.jsm:71
unwatchForTargets()@TargetList.jsm:38
destructor()@TargetList.jsm:110
close()@RemoteAgent.jsm:124
1635461063077	geckodriver	INFO	Listening on 127.0.0.1:52709
1635461066103	mozrunner::runner	INFO	Running command: "C:\\Program Files\\Mozilla Firefox\\firefox.exe" "--marionette" "--remote-debugging-port" "52710" "-no-remote" "-profile" "C:\\Users\\DARKWI~1\\AppData\\Local\\Temp\\rust_mozprofile7bsg2J"
console.warn: SearchSettings: "get: No settings file exists, new profile?" (new Error("", "(unknown module)"))
DevTools listening on ws://localhost:52710/devtools/browser/dceee82a-5b13-40c1-9019-457f484cbe42
1635461069978	Marionette	INFO	Listening on port 52722
1635461070335	Marionette	WARN	TLS certificate errors will be ignored for this session
1635461096250	Marionette	INFO	Stopped listening on port 52722
!!! error running onStopped callback: TypeError: callback is not a function

###!!! [Child][RunMessage] Error: Channel closing: too late to send/recv, messages will be lost


###!!! [Child][RunMessage] Error: Channel closing: too late to send/recv, messages will be lost


###!!! [Child][RunMessage] Error: Channel closing: too late to send/recv, messages will be lost

1635461096733	RemoteAgent	ERROR	unable to stop listener: [Exception... "Component returned failure code: 0x8000ffff (NS_ERROR_UNEXPECTED) [nsIWindowMediator.getEnumerator]"  nsresult: "0x8000ffff (NS_ERROR_UNEXPECTED)"  location: "JS frame :: chrome://remote/content/cdp/observers/TargetObserver.jsm :: stop :: line 61"  data: no] Stack trace: stop()@TargetObserver.jsm:61
unwatchForTabs()@TargetList.jsm:71
unwatchForTargets()@TargetList.jsm:38
destructor()@TargetList.jsm:110
close()@RemoteAgent.jsm:124
1635461397075	geckodriver	INFO	Listening on 127.0.0.1:50703
1635461400095	mozrunner::runner	INFO	Running command: "C:\\Program Files\\Mozilla Firefox\\firefox.exe" "--marionette" "--remote-debugging-port" "50705" "-no-remote" "-profile" "C:\\Users\\DARKWI~1\\AppData\\Local\\Temp\\rust_mozprofileiIvJ8Y"
console.warn: SearchSettings: "get: No settings file exists, new profile?" (new Error("", "(unknown module)"))
DevTools listening on ws://localhost:50705/devtools/browser/1900cdf4-96ed-4590-b8c5-890dd5cb12fc
1635461403516	Marionette	INFO	Listening on port 50715
1635461403803	Marionette	WARN	TLS certificate errors will be ignored for this session
1635461427341	Marionette	INFO	Stopped listening on port 50715
!!! error running onStopped callback: TypeError: callback is not a function

###!!! [Child][RunMessage] Error: Channel closing: too late to send/recv, messages will be lost

1635461427864	RemoteAgent	ERROR	unable to stop listener: [Exception... "Component returned failure code: 0x8000ffff (NS_ERROR_UNEXPECTED) [nsIWindowMediator.getEnumerator]"  nsresult: "0x8000ffff (NS_ERROR_UNEXPECTED)"  location: "JS frame :: chrome://remote/content/cdp/observers/TargetObserver.jsm :: stop :: line 61"  data: no] Stack trace: stop()@TargetObserver.jsm:61
unwatchForTabs()@TargetList.jsm:71
unwatchForTargets()@TargetList.jsm:38
destructor()@TargetList.jsm:110
close()@RemoteAgent.jsm:124
1635461521176	geckodriver	INFO	Listening on 127.0.0.1:49387
1635461524227	mozrunner::runner	INFO	Running command: "C:\\Program Files\\Mozilla Firefox\\firefox.exe" "--marionette" "--remote-debugging-port" "49388" "-no-remote" "-profile" "C:\\Users\\DARKWI~1\\AppData\\Local\\Temp\\rust_mozprofileTpHFkR"
console.warn: SearchSettings: "get: No settings file exists, new profile?" (new Error("", "(unknown module)"))
DevTools listening on ws://localhost:49388/devtools/browser/6faeef63-721a-4def-8a2c-57e866787118
1635461527373	Marionette	INFO	Listening on port 49395
1635461527435	Marionette	WARN	TLS certificate errors will be ignored for this session
1635461548814	Marionette	INFO	Stopped listening on port 49395
!!! error running onStopped callback: TypeError: callback is not a function
[Child 15828, IPC I/O Child] WARNING: pipe error: 232: file /builds/worker/checkouts/gecko/ipc/chromium/src/chrome/common/ipc_channel_win.cc:544
[Child 15828, IPC I/O Child] WARNING: pipe error: 232: file /builds/worker/checkouts/gecko/ipc/chromium/src/chrome/common/ipc_channel_win.cc:544
[Child 15828, IPC I/O Child] WARNING: pipe error: 232: file /builds/worker/checkouts/gecko/ipc/chromium/src/chrome/common/ipc_channel_win.cc:544

###!!! [Child][RunMessage] Error: Channel closing: too late to send/recv, messages will be lost

1635461549313	RemoteAgent	ERROR	unable to stop listener: [Exception... "Component returned failure code: 0x8000ffff (NS_ERROR_UNEXPECTED) [nsIWindowMediator.getEnumerator]"  nsresult: "0x8000ffff (NS_ERROR_UNEXPECTED)"  location: "JS frame :: chrome://remote/content/cdp/observers/TargetObserver.jsm :: stop :: line 61"  data: no] Stack trace: stop()@TargetObserver.jsm:61
unwatchForTabs()@TargetList.jsm:71
unwatchForTargets()@TargetList.jsm:38
destructor()@TargetList.jsm:110
close()@RemoteAgent.jsm:124
1635461686927	geckodriver	INFO	Listening on 127.0.0.1:49765
1635461689993	mozrunner::runner	INFO	Running command: "C:\\Program Files\\Mozilla Firefox\\firefox.exe" "--marionette" "--remote-debugging-port" "49766" "-no-remote" "-profile" "C:\\Users\\DARKWI~1\\AppData\\Local\\Temp\\rust_mozprofileowhCxm"
console.warn: SearchSettings: "get: No settings file exists, new profile?" (new Error("", "(unknown module)"))
DevTools listening on ws://localhost:49766/devtools/browser/e2a7fdf8-b08f-42d4-a900-797154f56d7e
1635461693102	Marionette	INFO	Listening on port 49774
1635461693194	Marionette	WARN	TLS certificate errors will be ignored for this session
!!! error running onStopped callback: TypeError: callback is not a function
1635461725414	Marionette	INFO	Stopped listening on port 49774

###!!! [Child][RunMessage] Error: Channel closing: too late to send/recv, messages will be lost

1635461725627	RemoteAgent	ERROR	unable to stop listener: [Exception... "Component returned failure code: 0x8000ffff (NS_ERROR_UNEXPECTED) [nsIWindowMediator.getEnumerator]"  nsresult: "0x8000ffff (NS_ERROR_UNEXPECTED)"  location: "JS frame :: chrome://remote/content/cdp/observers/TargetObserver.jsm :: stop :: line 61"  data: no] Stack trace: stop()@TargetObserver.jsm:61
unwatchForTabs()@TargetList.jsm:71
unwatchForTargets()@TargetList.jsm:38
destructor()@TargetList.jsm:110
close()@RemoteAgent.jsm:124
1635461929628	geckodriver	INFO	Listening on 127.0.0.1:50282
1635461932672	mozrunner::runner	INFO	Running command: "C:\\Program Files\\Mozilla Firefox\\firefox.exe" "--marionette" "--remote-debugging-port" "50283" "-no-remote" "-profile" "C:\\Users\\DARKWI~1\\AppData\\Local\\Temp\\rust_mozprofileEGa1Pz"
console.warn: SearchSettings: "get: No settings file exists, new profile?" (new Error("", "(unknown module)"))
DevTools listening on ws://localhost:50283/devtools/browser/7c645f33-f194-4e6c-ab2c-748685ebe952
1635461935760	Marionette	INFO	Listening on port 50295
1635461935875	Marionette	WARN	TLS certificate errors will be ignored for this session
console.error: Region.jsm: "Error fetching region" (new Error("TIMEOUT", "resource://gre/modules/Region.jsm", 772))
console.error: Region.jsm: "Failed to fetch region" (new Error("TIMEOUT", "resource://gre/modules/Region.jsm", 419))
!!! error running onStopped callback: TypeError: callback is not a function
1635462045957	Marionette	INFO	Stopped listening on port 50295

###!!! [Child][RunMessage] Error: Channel closing: too late to send/recv, messages will be lost

1635462046350	RemoteAgent	ERROR	unable to stop listener: [Exception... "Component returned failure code: 0x8000ffff (NS_ERROR_UNEXPECTED) [nsIWindowMediator.getEnumerator]"  nsresult: "0x8000ffff (NS_ERROR_UNEXPECTED)"  location: "JS frame :: chrome://remote/content/cdp/observers/TargetObserver.jsm :: stop :: line 61"  data: no] Stack trace: stop()@TargetObserver.jsm:61
unwatchForTabs()@TargetList.jsm:71
unwatchForTargets()@TargetList.jsm:38
destructor()@TargetList.jsm:110
close()@RemoteAgent.jsm:124
1635462067280	geckodriver	INFO	Listening on 127.0.0.1:50533
1635462070312	mozrunner::runner	INFO	Running command: "C:\\Program Files\\Mozilla Firefox\\firefox.exe" "--marionette" "--remote-debugging-port" "50534" "-no-remote" "-profile" "C:\\Users\\DARKWI~1\\AppData\\Local\\Temp\\rust_mozprofileMFOEHJ"
console.warn: SearchSettings: "get: No settings file exists, new profile?" (new Error("", "(unknown module)"))
DevTools listening on ws://localhost:50534/devtools/browser/e4865e15-797b-45fd-918d-28844d7e1ed4
1635462073358	Marionette	INFO	Listening on port 50551
1635462073510	Marionette	WARN	TLS certificate errors will be ignored for this session
!!! error running onStopped callback: TypeError: callback is not a function
1635462218071	Marionette	INFO	Stopped listening on port 50551

###!!! [Child][RunMessage] Error: Channel closing: too late to send/recv, messages will be lost

1635462218381	RemoteAgent	ERROR	unable to stop listener: [Exception... "Component returned failure code: 0x8000ffff (NS_ERROR_UNEXPECTED) [nsIWindowMediator.getEnumerator]"  nsresult: "0x8000ffff (NS_ERROR_UNEXPECTED)"  location: "JS frame :: chrome://remote/content/cdp/observers/TargetObserver.jsm :: stop :: line 61"  data: no] Stack trace: stop()@TargetObserver.jsm:61
unwatchForTabs()@TargetList.jsm:71
unwa1635462268552	Marionette	INFO	Stopped listening on port 50809
!!! error running onStopped callback: TypeError: callback is not a function
[Child 15536, IPC I/O Child] WARNING: pipe error: 232: file /builds/worker/checkouts/gecko/ipc/chromium/src/chrome/common/ipc_channel_win.cc:544
[Child 15536, IPC I/O Child] WARNING: pipe error: 232: file /builds/worker/checkouts/gecko/ipc/chromium/src/chrome/common/ipc_channel_win.cc:544

###!!! [Child][RunMessage] Error: Channel closing: too late to send/recv, messages will be lost

1635462269030	RemoteAgent	ERROR	unable to stop listener: [Exception... "Component returned failure code: 0x8000ffff (NS_ERROR_UNEXPECTED) [nsIWindowMediator.getEnumerator]"  nsresult: "0x8000ffff (NS_ERROR_UNEXPECTED)"  location: "JS frame :: chrome://remote/content/cdp/observers/TargetObserver.jsm :: stop :: line 61"  data: no] Stack trace: stop()@TargetObserver.jsm:61
unwatchForTabs()@TargetList.jsm:71
unwatchForTargets()@TargetList.jsm:38
destructor()@TargetList.jsm:110
close()@RemoteAgent.jsm:124
1635462360796	geckodriver	INFO	Listening on 127.0.0.1:51066
1635462363829	mozrunner::runner	INFO	Running command: "C:\\Program Files\\Mozilla Firefox\\firefox.exe" "--marionette" "--remote-debugging-port" "51067" "-no-remote" "-profile" "C:\\Users\\DARKWI~1\\AppData\\Local\\Temp\\rust_mozprofiledA6A11"
console.warn: SearchSettings: "get: No settings file exists, new profile?" (new Error("", "(unknown module)"))
DevTools listening on ws://localhost:51067/devtools/browser/4dac5249-0ac7-42c2-a103-afe96832082f
1635462366833	Marionette	INFO	Listening on port 51076
1635462367037	Marionette	WARN	TLS certificate errors will be ignored for this session
[Parent 26652, IPC I/O Parent] WARNING: file /builds/worker/checkouts/gecko/ipc/chromium/src/base/process_util_win.cc:167
!!! error running onStopped callback: TypeError: callback is not a function
1635462482965	Marionette	INFO	Stopped listening on port 51076
1635462483585	RemoteAgent	ERROR	unable to stop listener: [Exception... "Component returned failure code: 0x8000ffff (NS_ERROR_UNEXPECTED) [nsIWindowMediator.getEnumconsole.warn: SearchSettings: "get: No settings file exists, new profile?" (new Error("", "(unknown module)"))
DevTools listening on ws://localhost:52395/devtools/browser/363fe9e4-8d35-47de-8798-9490b22287e5
1635462486958	Marionette	INFO	Listening on port 52404
1635462487191	Marionette	WARN	TLS certificate errors will be ignored for this session
!!! error running onStopped callback: TypeError: callback is not a function
1635462545994	Marionette	INFO	Stopped listening on port 52404

###!!! [Child][RunMessage] Error: Channel closing: too late to send/recv, messages will be lost

1635462546408	RemoteAgent	ERROR	unable to stop listener: [Exception... "Component returned failure code: 0x8000ffff (NS_ERROR_UNEXPECTED) [nsIWindowMediator.getEnumerator]"  nsresult: "0x8000ffff (NS_ERROR_UNEXPECTED)"  location: "JS frame :: chrome://remote/content/cdp/observers/TargetObserver.jsm :: stop :: line 61"  data: no] Stack trace: stop()@TargetObserver.jsm:61
unwatchForTabs()@TargetList.jsm:71
unwatchForTargets()@TargetList.jsm:38
destructor()@TargetList.jsm:110
close()@RemoteAgent.jsm:124
1635462548733	geckodriver	INFO	Listening on 127.0.0.1:52564
1635462551779	mozrunner::runner	INFO	Running command: "C:\\Program Files\\Mozilla Firefox\\firefox.exe" "--marionette" "--remote-debugging-port" "52565" "-no-remote" "-profile" "C:\\Users\\DARKWI~1\\AppData\\Local\\Temp\\rust_mozprofileMmZGBk"
console.warn: SearchSettings: "get: No settings file exists, new profile?" (new Error("", "(unknown module)"))
DevTools listening on ws://localhost:52565/devtools/browser/f33bd79a-6142-458d-9fc4-526cdaf40549
1635462556671	Marionette	INFO	Listening on port 52580
1635462557122	Marionette	WARN	TLS certificate errors will be ignored for this session
!!! error running onStopped callback: TypeError: callback is not a function

###!!! [Parent][MessageChannel] Error: (msgtype=0x1F0011,name=PBackgroundStorage::Msg_Observe) Channel error: cannot send/recv


###!!! [Parent][MessageChannel] Error: (msgtype=0x1F0011,name=PBackgroundStorage::Msg_Observe) Channel error: cannot send/recv

1635462775480	Marionette	INFO	Stopped listening on port 52580

###!!! [Child][RunMessage] Error: Channel closing: too late to send/recv, messages will be lost

1635462775514	RemoteAgent	ERROR	unable to stop listener: [Exception... "Component returned failure code: 0x8000ffff (NS_ERROR_UNEXPECTED) [nsIWindowMediator.getEnumerator]"  nsresult: "0x8000ffff (NS_ERROR_UNEXPECTED)"  location: "JS frame :: chrome://remote/content/cdp/observers/TargetObserver.jsm :: stop :: line 61"  data: no] Stack trace: stop()@TargetObserver.jsm:61
unwatchForTabs()@TargetList.jsm:71
unwatchForTargets()@TargetList.jsm:38
destructor()@TargetList.jsm:110
close()@RemoteAgent.jsm:124
t a function
[Child 4020, IPC I/O Child] WARNING: pipe error: 232: file /builds/worker/checkouts/gecko/ipc/chromium/src/chrome/common/ipc_channel_win.cc:544
[Child 4020, IPC I/O Child] WARNING: pipe error: 232: file /builds/worker/checkouts/gecko/ipc/chromium/src/chrome/common/ipc_channel_win.cc:544

###!!! [Child][RunMessage] Error: Channel closing: too late to send/recv, messages will be lost

1635462679007	RemoteAgent	ERROR	unable to stop listener: [Exception... "Component returned failure code: 0x8000ffff (NS_ERROR_UNEXPECTED) [nsIWindowMediator.getEnumerator]"  nsresult: "0x8000ffff (NS_ERROR_UNEXPECTED)"  location: "JS frame :: chrome://remote/content/cdp/observers/TargetObserver.jsm :: stop :: line 61"  data: no] Stack trace: stop()@TargetObserver.jsm:61
unwatchForTabs()@TargetList.jsm:71
unwatchForTargets()@TargetList.jsm:38
destructor()@TargetList.jsm:110
close()@RemoteAgent.jsm:124
1635462701635	geckodriver	INFO	Listening on 127.0.0.1:52927
1635462704680	mozrunner::runner	INFO	Running command: "C:\\Program Files\\Mozilla Firefox\\firefox.exe" "--marionette" "--remote-debugging-port" "52928" "-no-remote" "-profile" "C:\\Users\\DARKWI~1\\AppData\\Local\\Temp\\rust_mozprofilemn7ay9"
console.warn: SearchSettings: "get: No settings file exists, new profile?" (new Error("", "(unknown module)"))
DevTools listening on ws://localhost:52928/devtools/browser/ad8a612e-7fca-4b39-8765-ceae3b1c52c4
1635462708900	Marionette	INFO	Listening on port 52935
1635462709014	Marionette	WARN	TLS certificate errors will be ignored for this session
!!! error running onStopped callback: TypeError: callback is not a function
1635462771871	Marionette	INFO	Stopped listening on port 52935

###!!! [Child][RunMessage] Error: Channel closing: too late to send/recv, messages will be lost

1635462772338	RemoteAgent	ERROR	unable to stop listener: [Exception... "Component returned failure code: 0x8000ffff (NS_ERROR_UNEXPECTED) [nsIWindowMediator.getEnumerator]"  nsresult: "0x8000ffff (NS_ERROR_UNEXPECTED)"  location: "JS frame :: chrome://remote/content/cdp/observers/TargetObserver.jsm :: stop :: line 61"  data: no] Stack trace: stop()@TargetObserver.jsm:61
unwatchForTabs()@TargetList.jsm:71
unwatchForTargets()@TargetList.jsm:38
destructor()@TargetList.jsm:110
close()@RemoteAgent.jsm:124
1635462895930	geckodriver	INFO	Listening on 127.0.0.1:53444
1635462898970	mozrunner::runner	INFO	Running command: "C:\\Program Files\\Mozilla Firefox\\firefox.exe" "--marionette" "--remote-debugging-port" "53445" "-no-remote" "-profile" "C:\\Users\\DARKWI~1\\AppData\\Local\\Temp\\rust_mozprofileIUWAUV"
console.warn: SearchSettings: "get: No settings file exists, new profile?" (new Error("", "(unknown module)"))
DevTools listening on ws://localhost:53445/devtools/browser/4ea1305d-d526-4fa3-8c5a-c9ac1e63bf10
1635462904163	Marionette	INFO	Listening on port 53453
1635462904320	Marionette	WARN	TLS certificate errors will be ignored for this session
!!! error running onStopped callback: TypeError: callback is not a function
1635462936068	Marionette	INFO	Stopped listening on port 53453

###!!! [Child][RunMessage] Error: Channel closing: too late to send/recv, messages will be lost

1635462936380	RemoteAgent	ERROR	unable to stop listener: [Exception... "Component returned failure code: 0x8000ffff (NS_ERROR_UNEXPECTED) [nsIWindowMediator.getEnumerator]"  nsresult: "0x8000ffff (NS_ERROR_UNEXPECTED)"  location: "JS frame :: chrome://remote/content/cdp/observers/TargetObserver.jsm :: stop :: line 61"  data: no] Stack trace: stop()@TargetObserver.jsm:61
unwatchForTabs()@TargetList.jsm:71
unwatchForTargets()@TargetList.jsm:38
destructor()@TargetList.jsm:110
close()@RemoteAgent.jsm:124
1635463004355	geckodriver	INFO	Listening on 127.0.0.1:53711
1635463007406	mozrunner::runner	INFO	Running command: "C:\\Program Files\\Mozilla Firefox\\firefox.exe" "--marionette" "--remote-debugging-port" "53712" "-no-remote" "-profile" "C:\\Users\\DARKWI~1\\AppData\\Local\\Temp\\rust_mozprofileUyEx98"
console.warn: SearchSettings: "get: No settings file exists, new profile?" (new Error("", "(unknown module)"))
DevTools listening on ws://localhost:53712/devtools/browser/712f2750-cd23-4917-92db-5120f42361da
1635463011891	Marionette	INFO	Listening on port 53722
1635463012261	Marionette	WARN	TLS certificate errors will be ignored for this session
console.log: WebExtensions: reset-default-search: starting.
console.log: WebExtensions: reset-default-search: No addons in our list are installed.
!!! error running onStopped callback: TypeError: callback is not a function
1635463570997	Marionette	INFO	Stopped listening on port 53722

###!!! [Child][RunMessage] Error: Channel closing: too late to send/recv, messages will be lost

1635463571033	RemoteAgent	ERROR	unable to stop listener: [Exception... "Component returned failure code: 0x8000ffff (NS_ERROR_UNEXPECTED) [nsIWindowMediator.getEnumerator]"  nsresult: "0x8000ffff (NS_ERROR_UNEXPECTED)"  location: "JS frame :: chrome://remote/content/cdp/observers/TargetObserver.jsm :: stop :: line 61"  data: no] Stack trace: stop()@TargetObserver.jsm:61
unwatchForTabs()@TargetList.jsm:71
unwatchForTargets()@TargetList.jsm:38
destructor()@TargetList.jsm:110
close()@RemoteAgent.jsm:124
1635463888889	geckodriver	INFO	Listening on 127.0.0.1:56132
1635463891933	mozrunner::runner	INFO	Running command: "C:\\Program Files\\Mozilla Firefox\\firefox.exe" "--marionette" "--remote-debugging-port" "56133" "-no-remote" "-profile" "C:\\Users\\DARKWI~1\\AppData\\Local\\Temp\\rust_mozprofilewC7vBW"
console.warn: SearchSettings: "get: No settings file exists, new profile?" (new Error("", "(unknown module)"))
DevTools listening on ws://localhost:56133/devtools/browser/f9321623-cbc9-42cf-a2ca-d5dc56582a0c
1635463896546	Marionette	INFO	Listening on port 56140
1635463896798	Marionette	WARN	TLS certificate errors will be ignored for this session
JavaScript error: https://tpc.googlesyndication.com/sodar/Enqz_20U.html, line 11: uncaught exception: 7
JavaScript error: https://ads.pubmatic.com/AdServer/js/user_sync.html?gdpr=0&p=156307&userIdMacro=PM_UID&us_privacy=1---&predirect=https%3A%2F%2Fsync.taboola.com%2Fsg%2Frtb-pubmatic-network%2F1%2Frtb-h%2F%3Fgdpr%3D0%26taboola_hm%3DPM_UID%26orig%3Dvideo%26us_privacy%3D1---, line 1: ReferenceError: CommonMeta is not defined
JavaScript error: https://ads.pubmatic.com/AdServer/js/user_sync.html?gdpr=0&p=156307&userIdMacro=PM_UID&us_privacy=1---&predirect=https%3A%2F%2Fsync.taboola.com%2Fsg%2Frtb-pubmatic-network%2F1%2Frtb-h%2F%3Fgdpr%3D0%26taboola_hm%3DPM_UID%26orig%3Dvideo%26us_privacy%3D1---, line 1: ReferenceError: CommonMeta is not defined
!!! error running onStopped callback: TypeError: callback is not a function
JavaScript error: , line 0: NotFoundError: No such JSWindowActor 'MarionetteEvents'
JavaScript error: , line 0: TypeError: NetworkError when attempting to fetch resource.
1635464384974	Marionette	INFO	Stopped listening on port 56140

###!!! [Child][RunMessage] Error: Channel closing: too late to send/recv, messages will be lost

1635464385012	RemoteAgent	ERROR	unable to stop listener: [Exception... "Component returned failure code: 0x8000ffff (NS_ERROR_UNEXPECTED) [nsIWindowMediator.getEnumerator]"  nsresult: "0x8000ffff (NS_ERROR_UNEXPECTED)"  location: "JS frame :: chrome://remote/content/cdp/observers/TargetObserver.jsm :: stop :: line 61"  data: no] Stack trace: stop()@TargetObserver.jsm:61
unwatchForTabs()@TargetList.jsm:71
unwatchForTargets()@TargetList.jsm:38
destructor()@TargetList.jsm:110
close()@RemoteAgent.jsm:124
1635464458182	geckodriver	INFO	Listening on 127.0.0.1:52055
1635464461235	mozrunner::runner	INFO	Running command: "C:\\Program Files\\Mozilla Firefox\\firefox.exe" "--marionette" "--remote-debugging-port" "52056" "-no-remote" "-profile" "C:\\Users\\DARKWI~1\\AppData\\Local\\Temp\\rust_mozprofilewLuLsq"
console.warn: SearchSettings: "get: No settings file exists, new profile?" (new Error("", "(unknown module)"))
DevTools listening on ws://localhost:52056/devtools/browser/f918f212-c520-4cf3-b1df-1e5534985c97
1635464465919	Marionette	INFO	Listening on port 52065
1635464466131	Marionette	WARN	TLS certificate errors will be ignored for this session
!!! error running onStopped callback: TypeError: callback is not a function
1635464515434	Marionette	INFO	Stopped listening on port 52065

###!!! [Child][RunMessage] Error: Channel closing: too late to send/recv, messages will be lost

1635464515766	RemoteAgent	ERROR	unable to stop listener: [Exception... "Component returned failure code: 0x8000ffff (NS_ERROR_UNEXPECTED) [nsIWindowMediator.getEnumerator]"  nsresult: "0x8000ffff (NS_ERROR_UNEXPECTED)"  location: "JS frame :: chrome://remote/content/cdp/observers/TargetObserver.jsm :: stop :: line 61"  data: no] Stack trace: stop()@TargetObserver.jsm:61
unwatchForTabs()@TargetList.jsm:71
unwatchForTargets()@TargetList.jsm:38
destructor()@TargetList.jsm:110
close()@RemoteAgent.jsm:124
1635465174960	geckodriver	INFO	Listening on 127.0.0.1:53581
1635465178012	mozrunner::runner	INFO	Running command: "C:\\Program Files\\Mozilla Firefox\\firefox.exe" "--marionette" "--remote-debugging-port" "53582" "-no-remote" "-profile" "C:\\Users\\DARKWI~1\\AppData\\Local\\Temp\\rust_mozprofile5zfzFO"
console.warn: SearchSettings: "get: No settings file exists, new profile?" (new Error("", "(unknown module)"))
DevTools listening on ws://localhost:53582/devtools/browser/c417ce2e-e63a-4e40-ac8e-6d9b2e36be12
1635465182691	Marionette	INFO	Listening on port 53598
1635465182846	Marionette	WARN	TLS certificate errors will be ignored for this session
1635465197538	Marionette	INFO	Stopped listening on port 53598
!!! error running onStopped callback: TypeError: callback is not a function

###!!! [Child][RunMessage] Error: Channel closing: too late to send/recv, messages will be lost

1635465198598	RemoteAgent	ERROR	unable to stop listener: [Exception... "Component returned failure code: 0x8000ffff (NS_ERROR_UNEXPECTED) [nsIWindowMediator.getEnumerator]"  nsresult: "0x8000ffff (NS_ERROR_UNEXPECTED)"  location: "JS frame :: chrome://remote/content/cdp/observers/TargetObserver.jsm :: stop :: line 61"  data: no] Stack trace: stop()@TargetObserver.jsm:61
unwatchForTabs()@TargetList.jsm:71
unwatchForTargets()@TargetList.jsm:38
destructor()@TargetList.jsm:110
close()@RemoteAgent.jsm:124
1635465301508	geckodriver	INFO	Listening on 127.0.0.1:53822
1635465304533	mozrunner::runner	INFO	Running command: "C:\\Program Files\\Mozilla Firefox\\firefox.exe" "--marionette" "--remote-debugging-port" "53823" "-no-remote" "-profile" "C:\\Users\\DARKWI~1\\AppData\\Local\\Temp\\rust_mozprofileMc9sDV"
console.warn: SearchSettings: "get: No settings file exists, new profile?" (new Error("", "(unknown module)"))
DevTools listening on ws://localhost:53823/devtools/browser/d53ecbdc-935e-49d9-b8b0-0496e2e3c1b4
1635465309431	Marionette	INFO	Listening on port 53832
1635465309889	Marionette	WARN	TLS certificate errors will be ignored for this session
1635465322008	Marionette	INFO	Stopped listening on port 53832
!!! error running onStopped callback: TypeError: callback is not a function
[Child 30520, IPC I/O Child] WARNING: pipe error: 232: file /builds/worker/checkouts/gecko/ipc/chromium/src/chrome/common/ipc_channel_win.cc:544
[Child 30520, IPC I/O Child] WARNING: pipe error: 232: file /builds/worker/checkouts/gecko/ipc/chromium/src/chrome/common/ipc_channel_win.cc:544

###!!! [Child][RunMessage] Error: Channel closing: too late to send/recv, messages will be lost

1635465323038	RemoteAgent	ERROR	unable to stop listener: [Exception... "Component returned failure code: 0x8000ffff (NS_ERROR_UNEXPECTED) [nsIWindowMediator.getEnumerator]"  nsresult: "0x8000ffff (NS_ERROR_UNEXPECTED)"  location: "JS frame :: chrome://remote/content/cdp/observers/TargetObserver.jsm :: stop :: line 61"  data: no] Stack trace: stop()@TargetObserver.jsm:61
unwatchForTabs()@TargetList.jsm:71
unwatchForTargets()@TargetList.jsm:38
destructor()@TargetList.jsm:110
close()@RemoteAgent.jsm:124
1635465372930	geckodriver	INFO	Listening on 127.0.0.1:54037
1635465375947	mozrunner::runner	INFO	Running command: "C:\\Program Files\\Mozilla Firefox\\firefox.exe" "--marionette" "--remote-debugging-port" "54038" "-no-remote" "-profile" "C:\\Users\\DARKWI~1\\AppData\\Local\\Temp\\rust_mozprofileTvA6nU"
console.warn: SearchSettings: "get: No settings file exists, new profile?" (new Error("", "(unknown module)"))
DevTools listening on ws://localhost:54038/devtools/browser/d2438ab7-f81b-4c1a-849d-f82e220b1914
1635465381609	Marionette	INFO	Listening on port 54047
1635465381832	Marionette	WARN	TLS certificate errors will be ignored for this session
1635465394089	Marionette	INFO	Stopped listening on port 54047
!!! error running onStopped callback: TypeError: callback is not a function

###!!! [Child][RunMessage] Error: Channel closing: too late to send/recv, messages will be lost

1635465395161	RemoteAgent	ERROR	unable to stop listener: [Exception... "Component returned failure code: 0x8000ffff (NS_ERROR_UNEXPECTED) [nsIWindowMediator.getEnumerator]"  nsresult: "0x8000ffff (NS_ERROR_UNEXPECTED)"  location: "JS frame :: chrome://remote/content/cdp/observers/TargetObserver.jsm :: stop :: line 61"  data: no] Stack trace: stop()@TargetObserver.jsm:61
unwatchForTabs()@TargetList.jsm:71
unwatchForTargets()@TargetList.jsm:38
destructor()@TargetList.jsm:110
close()@RemoteAgent.jsm:124
1635465671215	geckodriver	INFO	Listening on 127.0.0.1:60681
1635465674255	mozrunner::runner	INFO	Running command: "C:\\Program Files\\Mozilla Firefox\\firefox.exe" "--marionette" "--remote-debugging-port" "60682" "-no-remote" "-profile" "C:\\Users\\DARKWI~1\\AppData\\Local\\Temp\\rust_mozprofilecG3gtu"
console.warn: SearchSettings: "get: No settings file exists, new profile?" (new Error("", "(unknown module)"))
DevTools listening on ws://localhost:60682/devtools/browser/874d9ddc-9412-43fa-9787-346738f23466
1635465679043	Marionette	INFO	Listening on port 60690
1635465679100	Marionette	WARN	TLS certificate errors will be ignored for this session
Marionette threw an error: TypeError: browsingContextFn().currentWindowGlobal is null
getMarionetteCommandsActorProxy/get/<@chrome://marionette/content/actors/MarionetteCommandsParent.jsm:331:29

!!! error running onStopped callback: TypeError: callback is not a function
1635465851157	Marionette	INFO	Stopped listening on port 60690

###!!! [Child][RunMessage] Error: Channel closing: too late to send/recv, messages will be lost

1635465851193	RemoteAgent	ERROR	unable to stop listener: [Exception... "Component returned failure code: 0x8000ffff (NS_ERROR_UNEXPECTED) [nsIWindowMediator.getEnumerator]"  nsresult: "0x8000ffff (NS_ERROR_UNEXPECTED)"  location: "JS frame :: chrome://remote/content/cdp/observers/TargetObserver.jsm :: stop :: line 61"  data: no] Stack trace: stop()@TargetObserver.jsm:61
unwatchForTabs()@TargetList.jsm:71
unwatchForTargets()@TargetList.jsm:38
destructor()@TargetList.jsm:110
close()@RemoteAgent.jsm:124
1635465859196	geckodriver	INFO	Listening on 127.0.0.1:61037
1635465862217	mozrunner::runner	INFO	Running command: "C:\\Program Files\\Mozilla Firefox\\firefox.exe" "--marionette" "--remote-debugging-port" "61038" "-no-remote" "-profile" "C:\\Users\\DARKWI~1\\AppData\\Local\\Temp\\rust_mozprofileICERZ1"
console.warn: SearchSettings: "get: No settings file exists, new profile?" (new Error("", "(unknown module)"))
DevTools listening on ws://localhost:61038/devtools/browser/8c471d20-09bd-4f4a-a51a-0d6546fa4848
1635465867795	Marionette	INFO	Listening on port 61045
1635465868068	Marionette	WARN	TLS certificate errors will be ignored for this session
Marionette threw an error: TypeError: browsingContextFn().currentWindowGlobal is null
getMarionetteCommandsActorProxy/get/<@chrome://marionette/content/actors/MarionetteCommandsParent.jsm:331:29

!!! error running onStopped callback: TypeError: callback is not a function
1635466352546	Marionette	INFO	Stopped listening on port 61045

###!!! [Child][RunMessage] Error: Channel closing: too late to send/recv, messages will be lost

1635466352584	RemoteAgent	ERROR	unable to stop listener: [Exception... "Component returned failure code: 0x8000ffff (NS_ERROR_UNEXPECTED) [nsIWindowMediator.getEnumerator]"  nsresult: "0x8000ffff (NS_ERROR_UNEXPECTED)"  location: "JS frame :: chrome://remote/content/cdp/observers/TargetObserver.jsm :: stop :: line 61"  data: no] Stack trace: stop()@TargetObserver.jsm:61
unwatchForTabs()@TargetList.jsm:71
unwatchForTargets()@TargetList.jsm:38
destructor()@TargetList.jsm:110
close()@RemoteAgent.jsm:124
1635466381427	geckodriver	INFO	Listening on 127.0.0.1:61825
1635466384463	mozrunner::runner	INFO	Running command: "C:\\Program Files\\Mozilla Firefox\\firefox.exe" "--marionette" "--remote-debugging-port" "61826" "-no-remote" "-profile" "C:\\Users\\DARKWI~1\\AppData\\Local\\Temp\\rust_mozprofile8tIiWZ"
console.warn: SearchSettings: "get: No settings file exists, new profile?" (new Error("", "(unknown module)"))
DevTools listening on ws://localhost:61826/devtools/browser/542d6795-378c-49d8-aa5b-96aaf3e71f9d
1635466388372	Marionette	INFO	Listening on port 61843
1635466388682	Marionette	WARN	TLS certificate errors will be ignored for this session
1635466403770	Marionette	INFO	Stopped listening on port 61843
!!! error running onStopped callback: TypeError: callback is not a function

###!!! [Child][RunMessage] Error: Channel closing: too late to send/recv, messages will be lost

1635466404233	RemoteAgent	ERROR	unable to stop listener: [Exception... "Component returned failure code: 0x8000ffff (NS_ERROR_UNEXPECTED) [nsIWindowMediator.getEnumerator]"  nsresult: "0x8000ffff (NS_ERROR_UNEXPECTED)"  location: "JS frame :: chrome://remote/content/cdp/observers/TargetObserver.jsm :: stop :: line 61"  data: no] Stack trace: stop()@TargetObserver.jsm:61
unwatchForTabs()@TargetList.jsm:71
unwatchForTargets()@TargetList.jsm:38
destructor()@TargetList.jsm:110
close()@RemoteAgent.jsm:124
1635466772110	geckodriver	INFO	Listening on 127.0.0.1:62665
1635466775154	mozrunner::runner	INFO	Running command: "C:\\Program Files\\Mozilla Firefox\\firefox.exe" "--marionette" "--remote-debugging-port" "62666" "-no-remote" "-profile" "C:\\Users\\DARKWI~1\\AppData\\Local\\Temp\\rust_mozprofileGz58K0"
console.warn: SearchSettings: "get: No settings file exists, new profile?" (new Error("", "(unknown module)"))
DevTools listening on ws://localhost:62666/devtools/browser/6a79553d-e07a-48cd-a0d5-5f732728f6d2
1635466778473	Marionette	INFO	Listening on port 62681
1635466778854	Marionette	WARN	TLS certificate errors will be ignored for this session
console.error: Region.jsm: "Error fetching region" (new Error("TIMEOUT", "resource://gre/modules/Region.jsm", 772))
console.error: Region.jsm: "Failed to fetch region" (new Error("TIMEOUT", "resource://gre/modules/Region.jsm", 419))
!!! error running onStopped callback: TypeError: callback is not a function
1635466915329	Marionette	INFO	Stopped listening on port 62681

###!!! [Child][RunMessage] Error: Channel closing: too late to send/recv, messages will be lost

1635466915373	RemoteAgent	ERROR	unable to stop listener: [Exception... "Component returned failure code: 0x8000ffff (NS_ERROR_UNEXPECTED) [nsIWindowMediator.getEnumerator]"  nsresult: "0x8000ffff (NS_ERROR_UNEXPECTED)"  location: "JS frame :: chrome://remote/content/cdp/observers/TargetObserver.jsm :: stop :: line 61"  data: no] Stack trace: stop()@TargetObserver.jsm:61
unwatchForTabs()@TargetList.jsm:71
unwatchForTargets()@TargetList.jsm:38
destructor()@TargetList.jsm:110
close()@RemoteAgent.jsm:124
1635466919117	geckodriver	INFO	Listening on 127.0.0.1:52425
1635466922132	mozrunner::runner	INFO	Running command: "C:\\Program Files\\Mozilla Firefox\\firefox.exe" "--marionette" "--remote-debugging-port" "52426" "-no-remote" "-profile" "C:\\Users\\DARKWI~1\\AppData\\Local\\Temp\\rust_mozprofilebpv9jC"
console.warn: SearchSettings: "get: No settings file exists, new profile?" (new Error("", "(unknown module)"))
DevTools listening on ws://localhost:52426/devtools/browser/31368062-8082-4b2d-83a3-fe575c96c85c
1635466925458	Marionette	INFO	Listening on port 52435
1635466925818	Marionette	WARN	TLS certificate errors will be ignored for this session
1635466944181	Marionette	INFO	Stopped listening on port 52435
!!! error running onStopped callback: TypeError: callback is not a function

###!!! [Child][RunMessage] Error: Channel closing: too late to send/recv, messages will be lost

1635466944681	RemoteAgent	ERROR	unable to stop listener: [Exception... "Component returned failure code: 0x8000ffff (NS_ERROR_UNEXPECTED) [nsIWindowMediator.getEnumerator]"  nsresult: "0x8000ffff (NS_ERROR_UNEXPECTED)"  location: "JS frame :: chrome://remote/content/cdp/observers/TargetObserver.jsm :: stop :: line 61"  data: no] Stack trace: stop()@TargetObserver.jsm:61
unwatchForTabs()@TargetList.jsm:71
unwatchForTargets()@TargetList.jsm:38
destructor()@TargetList.jsm:110
close()@RemoteAgent.jsm:124
1635467076434	geckodriver	INFO	Listening on 127.0.0.1:52845
1635467079465	mozrunner::runner	INFO	Running command: "C:\\Program Files\\Mozilla Firefox\\firefox.exe" "--marionette" "--remote-debugging-port" "52846" "-no-remote" "-profile" "C:\\Users\\DARKWI~1\\AppData\\Local\\Temp\\rust_mozprofilesRT16V"
console.warn: SearchSettings: "get: No settings file exists, new profile?" (new Error("", "(unknown module)"))
DevTools listening on ws://localhost:52846/devtools/browser/70d5d682-b351-4e60-9bfd-e04f2e958610
1635467082619	Marionette	INFO	Listening on port 52855
1635467082652	Marionette	WARN	TLS certificate errors will be ignored for this session
1635467094065	Marionette	INFO	Stopped listening on port 52855
!!! error running onStopped callback: TypeError: callback is not a function

###!!! [Child][RunMessage] Error: Channel closing: too late to send/recv, messages will be lost

1635467094521	RemoteAgent	ERROR	unable to stop listener: [Exception... "Component returned failure code: 0x8000ffff (NS_ERROR_UNEXPECTED) [nsIWindowMediator.getEnumerator]"  nsresult: "0x8000ffff (NS_ERROR_UNEXPECTED)"  location: "JS frame :: chrome://remote/content/cdp/observers/TargetObserver.jsm :: stop :: line 61"  data: no] Stack trace: stop()@TargetObserver.jsm:61
unwatchForTabs()@TargetList.jsm:71
unwatchForTargets()@TargetList.jsm:38
destructor()@TargetList.jsm:110
close()@RemoteAgent.jsm:124
1635467419266	geckodriver	INFO	Listening on 127.0.0.1:50303
1635467422284	mozrunner::runner	INFO	Running command: "C:\\Program Files\\Mozilla Firefox\\firefox.exe" "--marionette" "--remote-debugging-port" "50304" "-no-remote" "-profile" "C:\\Users\\DARKWI~1\\AppData\\Local\\Temp\\rust_mozprofile7yauNu"
console.warn: SearchSettings: "get: No settings file exists, new profile?" (new Error("", "(unknown module)"))
DevTools listening on ws://localhost:50304/devtools/browser/77d0f72f-51ec-4616-add5-5c694b6afb3e
1635467425769	Marionette	INFO	Listening on port 50312
1635467425970	Marionette	WARN	TLS certificate errors will be ignored for this session
1635467441206	Marionette	INFO	Stopped listening on port 50312
!!! error running onStopped callback: TypeError: callback is not a function

###!!! [Child][RunMessage] Error: Channel closing: too late to send/recv, messages will be lost

1635467441681	RemoteAgent	ERROR	unable to stop listener: [Exception... "Component returned failure code: 0x8000ffff (NS_ERROR_UNEXPECTED) [nsIWindowMediator.getEnumerator]"  nsresult: "0x8000ffff (NS_ERROR_UNEXPECTED)"  location: "JS frame :: chrome://remote/content/cdp/observers/TargetObserver.jsm :: stop :: line 61"  data: no] Stack trace: stop()@TargetObserver.jsm:61
unwatchForTabs()@TargetList.jsm:71
unwatchForTargets()@TargetList.jsm:38
destructor()@TargetList.jsm:110
close()@RemoteAgent.jsm:124
1635467491070	geckodriver	INFO	Listening on 127.0.0.1:50583
1635467494101	mozrunner::runner	INFO	Running command: "C:\\Program Files\\Mozilla Firefox\\firefox.exe" "--marionette" "--remote-debugging-port" "50584" "-no-remote" "-profile" "C:\\Users\\DARKWI~1\\AppData\\Local\\Temp\\rust_mozprofile3QuGkI"
console.warn: SearchSettings: "get: No settings file exists, new profile?" (new Error("", "(unknown module)"))
DevTools listening on ws://localhost:50584/devtools/browser/fc7b6aa6-b1fb-4a1e-bc8a-414c10540195
1635467498024	Marionette	INFO	Listening on port 50606
1635467498291	Marionette	WARN	TLS certificate errors will be ignored for this session
1635467516409	Marionette	INFO	Stopped listening on port 50606
[Child 22820, IPC I/O Child] WARNING: pipe error: 232: file /builds/worker/checkouts/gecko/ipc/chromium/src/chrome/common/ipc_channel_win.cc:544
[Child 22820, IPC I/O Child] WARNING: pipe error: 232: file /builds/worker/checkouts/gecko/ipc/chromium/src/chrome/common/ipc_channel_win.cc:544
!!! error running onStopped callback: TypeError: callback is not a function

###!!! [Child][RunMessage] Error: Channel closing: too late to send/recv, messages will be lost

1635467516917	RemoteAgent	ERROR	unable to stop listener: [Exception... "Component returned failure code: 0x8000ffff (NS_ERROR_UNEXPECTED) [nsIWindowMediator.getEnumerator]"  nsresult: "0x8000ffff (NS_ERROR_UNEXPECTED)"  location: "JS frame :: chrome://remote/content/cdp/observers/TargetObserver.jsm :: stop :: line 61"  data: no] Stack trace: stop()@TargetObserver.jsm:61
unwatchForTabs()@TargetList.jsm:71
unwatchForTargets()@TargetList.jsm:38
destructor()@TargetList.jsm:110
close()@RemoteAgent.jsm:124
1635467632463	geckodriver	INFO	Listening on 127.0.0.1:51059
1635467635509	mozrunner::runner	INFO	Running command: "C:\\Program Files\\Mozilla Firefox\\firefox.exe" "--marionette" "--remote-debugging-port" "51060" "-no-remote" "-profile" "C:\\Users\\DARKWI~1\\AppData\\Local\\Temp\\rust_mozprofileIrhfg0"
console.warn: SearchSettings: "get: No settings file exists, new profile?" (new Error("", "(unknown module)"))
DevTools listening on ws://localhost:51060/devtools/browser/92759382-531f-4e0b-9d4e-e0f1a099efb5
1635467639064	Marionette	INFO	Listening on port 51079
1635467639197	Marionette	WARN	TLS certificate errors will be ignored for this session
!!! error running onStopped callback: TypeError: callback is not a function
1635467869313	Marionette	INFO	Stopped listening on port 51079

###!!! [Child][RunMessage] Error: Channel closing: too late to send/recv, messages will be lost

1635467869345	RemoteAgent	ERROR	unable to stop listener: [Exception... "Component returned failure code: 0x8000ffff (NS_ERROR_UNEXPECTED) [nsIWindowMediator.getEnumerator]"  nsresult: "0x8000ffff (NS_ERROR_UNEXPECTED)"  location: "JS frame :: chrome://remote/content/cdp/observers/TargetObserver.jsm :: stop :: line 61"  data: no] Stack trace: stop()@TargetObserver.jsm:61
unwatchForTabs()@TargetList.jsm:71
unwa!!! error running onStopped callback: TypeError: callback is not a function
1635467870237	Marionette	INFO	Stopped listening on port 51312

###!!! [Child][RunMessage] Error: Channel closing: too late to send/recv, messages will be lost

1635467870269	RemoteAgent	ERROR	unable to stop listener: [Exception... "Component returned failure code: 0x8000ffff (NS_ERROR_UNEXPECTED) [nsIWindowMediator.getEnumerator]"  nsresult: "0x8000ffff (NS_ERROR_UNEXPECTED)"  location: "JS frame :: chrome://remote/content/cdp/observers/TargetObserver.jsm :: stop :: line 61"  data: no] Stack trace: stop()@TargetObserver.jsm:61
unwatchForTabs()@TargetList.jsm:71
unwatchForTargets()@TargetList.jsm:38
destructor()@TargetList.jsm:110
close()@RemoteAgent.jsm:124
1635467877744	geckodriver	INFO	Listening on 127.0.0.1:51867
1635467880758	mozrunner::runner	INFO	Running command: "C:\\Program Files\\Mozilla Firefox\\firefox.exe" "--marionette" "--remote-debugging-port" "51868" "-no-remote" "-profile" "C:\\Users\\DARKWI~1\\AppData\\Local\\Temp\\rust_mozprofileRyKhLx"
console.warn: SearchSettings: "get: No settings file exists, new profile?" (new Error("", "(unknown module)"))
DevTools listening on ws://localhost:51868/devtools/browser/fcdf446d-4b6c-4644-8e0a-1587db0deb31
1635467884442	Marionette	INFO	Listening on port 51893
1635467884966	Marionette	WARN	TLS certificate errors will be ignored for this session
console.log: WebExtensions: reset-default-search: starting.
console.log: WebExtensions: reset-default-search: No addons in our list are installed.
!!! error running onStopped callback: TypeError: callback is not a function
1635468545417	Marionette	INFO	Stopped listening on port 51893

###!!! [Child][RunMessage] Error: Channel closing: too late to send/recv, messages will be lost

1635468545457	RemoteAgent	ERROR	unable to stop listener: [Exception... "Component returned failure code: 0x8000ffff (NS_ERROR_UNEXPECTED) [nsIWindowMediator.getEnumerator]"  nsresult: "0x8000ffff (NS_ERROR_UNEXPECTED)"  location: "JS frame :: chrome://remote/content/cdp/observers/TargetObserver.jsm :: stop :: line 61"  data: no] Stack trace: stop()@TargetObserver.jsm:61
unwatchForTabs()@TargetList.jsm:71
unwatchForTargets()@TargetList.jsm:38
destructor()@TargetList.jsm:110
close()@RemoteAgent.jsm:124
ipe error: 232: file /builds/worker/checkouts/gecko/ipc/chromium/src/chrome/common/ipc_channel_win.cc:544
!!! error running onStopped callback: TypeError: callback is not a function

###!!! [Child][RunMessage] Error: Channel closing: too late to send/recv, messages will be lost

1635467967643	RemoteAgent	ERROR	unable to stop listener: [Exception... "Component returned failure code: 0x8000ffff (NS_ERROR_UNEXPECTED) [nsIWindowMediator.getEnumerator]"  nsresult: "0x8000ffff (NS_ERROR_UNEXPECTED)"  location: "JS frame :: chrome://remote/content/cdp/observers/TargetObserver.jsm :: stop :: line 61"  data: no] Stack trace: stop()@TargetObserver.jsm:61
unwatchForTabs()@TargetList.jsm:71
unwatchForTargets()@TargetList.jsm:38
destructor()@TargetList.jsm:110
close()@RemoteAgent.jsm:124
1635468017000	geckodriver	INFO	Listening on 127.0.0.1:52431
1635468020022	mozrunner::runner	INFO	Running command: "C:\\Program Files\\Mozilla Firefox\\firefox.exe" "--marionette" "--remote-debugging-port" "52432" "-no-remote" "-profile" "C:\\Users\\DARKWI~1\\AppData\\Local\\Temp\\rust_mozprofileCjPJNv"
console.warn: SearchSettings: "get: No settings file exists, new profile?" (new Error("", "(unknown module)"))
DevTools listening on ws://localhost:52432/devtools/browser/5a13611a-c6f3-4859-9038-77df0d53e7a0
1635468023143	Marionette	INFO	Listening on port 52491
1635468023224	Marionette	WARN	TLS certificate errors will be ignored for this session
1635468040698	Marionette	INFO	Stopped listening on port 52491
!!! error running onStopped callback: TypeError: callback is not a function

###!!! [Child][RunMessage] Error: Channel closing: too late to send/recv, messages will be lost

1635468041529	RemoteAgent	ERROR	unable to stop listener: [Exception... "Component returned failure code: 0x8000ffff (NS_ERROR_UNEXPECTED) [nsIWindowMediator.getEnumerator]"  nsresult: "0x8000ffff (NS_ERROR_UNEXPECTED)"  location: "JS frame :: chrome://remote/content/cdp/observers/TargetObserver.jsm :: stop :: line 61"  data: no] Stack trace: stop()@TargetObserver.jsm:61
unwatchForTabs()@TargetList.jsm:71
unwatchForTargets()@TargetList.jsm:38
destructor()@TargetList.jsm:110
close()@RemoteAgent.jsm:124
1635468227366	geckodriver	INFO	Listening on 127.0.0.1:53077
1635468230396	mozrunner::runner	INFO	Running command: "C:\\Program Files\\Mozilla Firefox\\firefox.exe" "--marionette" "--remote-debugging-port" "53078" "-no-remote" "-profile" "C:\\Users\\DARKWI~1\\AppData\\Local\\Temp\\rust_mozprofileQutJcR"
console.warn: SearchSettings: "get: No settings file exists, new profile?" (new Error("", "(unknown module)"))
DevTools listening on ws://localhost:53078/devtools/browser/b9db23e6-a22e-41f2-b1a7-0305a5e89aac
1635468233823	Marionette	INFO	Listening on port 53095
1635468234086	Marionette	WARN	TLS certificate errors will be ignored for this session
1635468245471	Marionette	INFO	Stopped listening on port 53095
!!! error running onStopped callback: TypeError: callback is not a function

###!!! [Child][RunMessage] Error: Channel closing: too late to send/recv, messages will be lost

1635468245896	RemoteAgent	ERROR	unable to stop listener: [Exception... "Component returned failure code: 0x8000ffff (NS_ERROR_UNEXPECTED) [nsIWindowMediator.getEnumerator]"  nsresult: "0x8000ffff (NS_ERROR_UNEXPECTED)"  location: "JS frame :: chrome://remote/content/cdp/observers/TargetObserver.jsm :: stop :: line 61"  data: no] Stack trace: stop()@TargetObserver.jsm:61
unwatchForTabs()@TargetList.jsm:71
unwatchForTargets()@TargetList.jsm:38
destructor()@TargetList.jsm:110
close()@RemoteAgent.jsm:124
1635468296706	geckodriver	INFO	Listening on 127.0.0.1:53393
1635468299731	mozrunner::runner	INFO	Running command: "C:\\Program Files\\Mozilla Firefox\\firefox.exe" "--marionette" "--remote-debugging-port" "53394" "-no-remote" "-profile" "C:\\Users\\DARKWI~1\\AppData\\Local\\Temp\\rust_mozprofileBcCuXu"
console.warn: SearchSettings: "get: No settings file exists, new profile?" (new Error("", "(unknown module)"))
DevTools listening on ws://localhost:53394/devtools/browser/8e67c601-3f4a-4e9f-90f6-1a8e7a8f582c
1635468303427	Marionette	INFO	Listening on port 53404
1635468303942	Marionette	WARN	TLS certificate errors will be ignored for this session
1635468322991	Marionette	INFO	Stopped listening on port 53404
!!! error running onStopped callback: TypeError: callback is not a function

###!!! [Child][RunMessage] Error: Channel closing: too late to send/recv, messages will be lost

1635468323475	RemoteAgent	ERROR	unable to stop listener: [Exception... "Component returned failure code: 0x8000ffff (NS_ERROR_UNEXPECTED) [nsIWindowMediator.getEnumerator]"  nsresult: "0x8000ffff (NS_ERROR_UNEXPECTED)"  location: "JS frame :: chrome://remote/content/cdp/observers/TargetObserver.jsm :: stop :: line 61"  data: no] Stack trace: stop()@TargetObserver.jsm:61
unwatchForTabs()@TargetList.jsm:71
unwatchForTargets()@TargetList.jsm:38
destructor()@TargetList.jsm:110
close()@RemoteAgent.jsm:124
1635468736802	geckodriver	INFO	Listening on 127.0.0.1:56225
1635468739854	mozrunner::runner	INFO	Running command: "C:\\Program Files\\Mozilla Firefox\\firefox.exe" "--marionette" "--remote-debugging-port" "56226" "-no-remote" "-profile" "C:\\Users\\DARKWI~1\\AppData\\Local\\Temp\\rust_mozprofile2DSRoD"
console.warn: SearchSettings: "get: No settings file exists, new profile?" (new Error("", "(unknown module)"))
DevTools listening on ws://localhost:56226/devtools/browser/35b0bc14-e614-465c-80b1-2798085888aa
1635468743111	Marionette	INFO	Listening on port 56233
1635468743557	Marionette	WARN	TLS certificate errors will be ignored for this session
1635468761767	Marionette	INFO	Stopped listening on port 56233
!!! error running onStopped callback: TypeError: callback is not a function

###!!! [Child][RunMessage] Error: Channel closing: too late to send/recv, messages will be lost

1635468762358	RemoteAgent	ERROR	unable to stop listener: [Exception... "Component returned failure code: 0x8000ffff (NS_ERROR_UNEXPECTED) [nsIWindowMediator.getEnumerator]"  nsresult: "0x8000ffff (NS_ERROR_UNEXPECTED)"  location: "JS frame :: chrome://remote/content/cdp/observers/TargetObserver.jsm :: stop :: line 61"  data: no] Stack trace: stop()@TargetObserver.jsm:61
unwatchForTabs()@TargetList.jsm:71
unwatchForTargets()@TargetList.jsm:38
destructor()@TargetList.jsm:110
close()@RemoteAgent.jsm:124
1635469352557	geckodriver	INFO	Listening on 127.0.0.1:58163
1635469355577	mozrunner::runner	INFO	Running command: "C:\\Program Files\\Mozilla Firefox\\firefox.exe" "--marionette" "--remote-debugging-port" "58164" "-no-remote" "-profile" "C:\\Users\\DARKWI~1\\AppData\\Local\\Temp\\rust_mozprofileDQ6prU"
console.warn: SearchSettings: "get: No settings file exists, new profile?" (new Error("", "(unknown module)"))
DevTools listening on ws://localhost:58164/devtools/browser/3b68dd1e-408e-4cd3-88c2-87789d17d1d4
1635469359307	Marionette	INFO	Listening on port 58176
1635469359801	Marionette	WARN	TLS certificate errors will be ignored for this session
!!! error running onStopped callback: TypeError: callback is not a function
1635469506283	Marionette	INFO	Stopped listening on port 58176

###!!! [Child][RunMessage] Error: Channel closing: too late to send/recv, messages will be lost

1635469506324	RemoteAgent	ERROR	unable to stop listener: [Exception... "Component returned failure code: 0x8000ffff (NS_ERROR_UNEXPECTED) [nsIWindowMediator.getEnumerator]"  nsresult: "0x8000ffff (NS_ERROR_UNEXPECTED)"  location: "JS frame :: chrome://remote/content/cdp/observers/TargetObserver.jsm :: stop :: line 61"  data: no] Stack trace: stop()@TargetObserver.jsm:61
unwatchForTabs()@TargetList.jsm:71
unwa!!! error running onStopped callback: TypeError: callback is not a function
1635469506923	Marionette	INFO	Stopped listening on port 58467

###!!! [Child][RunMessage] Error: Channel closing: too late to send/recv, messages will be lost

1635469507357	RemoteAgent	ERROR	unable to stop listener: [Exception... "Component returned failure code: 0x8000ffff (NS_ERROR_UNEXPECTED) [nsIWindowMediator.getEnumerator]"  nsresult: "0x8000ffff (NS_ERROR_UNEXPECTED)"  location: "JS frame :: chrome://remote/content/cdp/observers/TargetObserver.jsm :: stop :: line 61"  data: no] Stack trace: stop()@TargetObserver.jsm:61
unwatchForTabs()@TargetList.jsm:71
unwatchForTargets()@TargetList.jsm:38
destructor()@TargetList.jsm:110
close()@RemoteAgent.jsm:124
1635469536488	geckodriver	INFO	Listening on 127.0.0.1:58822
1635469539509	mozrunner::runner	INFO	Running command: "C:\\Program Files\\Mozilla Firefox\\firefox.exe" "--marionette" "--remote-debugging-port" "58823" "-no-remote" "-profile" "C:\\Users\\DARKWI~1\\AppData\\Local\\Temp\\rust_mozprofilebA7sYt"
console.warn: SearchSettings: "get: No settings file exists, new profile?" (new Error("", "(unknown module)"))
DevTools listening on ws://localhost:58823/devtools/browser/21bb84e4-ef23-4762-b090-3fdfb80d43c3
1635469542943	Marionette	INFO	Listening on port 58835
1635469543204	Marionette	WARN	TLS certificate errors will be ignored for this session
!!! error running onStopped callback: TypeError: callback is not a function
1635469617007	Marionette	INFO	Stopped listening on port 58835

###!!! [Child][RunMessage] Error: Channel closing: too late to send/recv, messages will be lost

1635469617361	RemoteAgent	ERROR	unable to stop listener: [Exception... "Component returned failure code: 0x8000ffff (NS_ERROR_UNEXPECTED) [nsIWindowMediator.getEnumerator]"  nsresult: "0x8000ffff (NS_ERROR_UNEXPECTED)"  location: "JS frame :: chrome://remote/content/cdp/observers/TargetObserver.jsm :: stop :: line 61"  data: no] Stack trace: stop()@TargetObserver.jsm:61
unwatchForTabs()@TargetList.jsm:71
unwatchForTargets()@TargetList.jsm:38
destructor()@TargetList.jsm:110
close()@RemoteAgent.jsm:124
1635469618324	geckodriver	INFO	Listening on 127.0.0.1:59154
1635469621356	mozrunner::runner	INFO	Running command: "C:\\Program Files\\Mozilla Firefox\\firefox.exe" "--marionette" "--remote-debugging-port" "59155" "-no-remote" "-profile" "C:\\Users\\DARKWI~1\\AppData\\Local\\Temp\\rust_mozprofile3u8hhF"
console.warn: SearchSettings: "get: No settings file exists, new profile?" (new Error("", "(unknown module)"))
DevTools listening on ws://localhost:59155/devtools/browser/03fe11e5-06fb-4b64-9461-11407fe9a303
1635469624460	Marionette	INFO	Listening on port 59164
1635469624561	Marionette	WARN	TLS certificate errors will be ignored for this session
1635470027848	Marionette	INFO	Stopped listening on port 59164
!!! error running onStopped callback: TypeError: callback is not a function

###!!! [Child][RunMessage] Error: Channel closing: too late to send/recv, messages will be lost

1635470028064	RemoteAgent	ERROR	unable to stop listener: [Exception... "Component returned failure code: 0x8000ffff (NS_ERROR_UNEXPECTED) [nsIWindowMediator.getEnumerator]"  nsresult: "0x8000ffff (NS_ERROR_UNEXPECTED)"  location: "JS frame :: chrome://remote/content/cdp/observers/TargetObserver.jsm :: stop :: line 61"  data: no] Stack trace: stop()@TargetObserver.jsm:61
unwatchForTabs()@TargetList.jsm:71
unwatchForTargets()@TargetList.jsm:38
destructor()@TargetList.jsm:110
close()@RemoteAgent.jsm:124
1635470257731	geckodriver	INFO	Listening on 127.0.0.1:60374
1635470260761	mozrunner::runner	INFO	Running command: "C:\\Program Files\\Mozilla Firefox\\firefox.exe" "--marionette" "--remote-debugging-port" "60375" "-no-remote" "-profile" "C:\\Users\\DARKWI~1\\AppData\\Local\\Temp\\rust_mozprofilelijqqL"
console.warn: SearchSettings: "get: No settings file exists, new profile?" (new Error("", "(unknown module)"))
DevTools listening on ws://localhost:60375/devtools/browser/e86fa8f6-9c2f-4362-9a86-78cce4891a00
1635470264529	Marionette	INFO	Listening on port 60399
1635470264932	Marionette	WARN	TLS certificate errors will be ignored for this session
console.log: WebExtensions: reset-default-search: starting.
console.log: WebExtensions: reset-default-search: No addons in our list are installed.
!!! error running onStopped callback: TypeError: callback is not a function
1635470826514	Marionette	INFO	Stopped listening on port 60399

###!!! [Child][RunMessage] Error: Channel closing: too late to send/recv, messages will be lost

1635470826544	RemoteAgent	ERROR	unable to stop listener: [Exception... "Component returned failure code: 0x8000ffff (NS_ERROR_UNEXPECTED) [nsIWindowMediator.getEnumerator]"  nsresult: "0x8000ffff (NS_ERROR_UNEXPECTED)"  location: "JS frame :: chrome://remote/content/cdp/observers/TargetObserver.jsm :: stop :: line 61"  data: no] Stack trace: stop()@TargetObserver.jsm:61
unwatchForTabs()@TargetList.jsm:71
unwatchForTargets()@TargetList.jsm:38
destructor()@TargetList.jsm:110
close()@RemoteAgent.jsm:124
70823543	RemoteAgent	ERROR	unable to stop listener: [Exception... "Component returned failure code: 0x8000ffff (NS_ERROR_UNEXPECTED) [nsIWindowMediator.getEnumerator]"  nsresult: "0x8000ffff (NS_ERROR_UNEXPECTED)"  location: "JS frame :: chrome://remote/content/cdp/observers/TargetObserver.jsm :: stop :: line 61"  data: no] Stack trace: stop()@TargetObserver.jsm:61
unwatchForTabs()@TargetList.jsm:71
unwa!!! error running onStopped callback: TypeError: callback is not a function
1635470824338	Marionette	INFO	Stopped listening on port 61123

###!!! [Child][RunMessage] Error: Channel closing: too late to send/recv, messages will be lost

1635470824365	RemoteAgent	ERROR	unable to stop listener: [Exception... "Component returned failure code: 0x8000ffff (NS_ERROR_UNEXPECTED) [nsIWindowMediator.getEnumerator]"  nsresult: "0x8000ffff (NS_ERROR_UNEXPECTED)"  location: "JS frame :: chrome://remote/content/cdp/observers/TargetObserver.jsm :: stop :: line 61"  data: no] Stack trace: stop()@TargetObserver.jsm:61
unwatchForTabs()@TargetList.jsm:71
unwaMarionette threw an error: TypeError: browsingContextFn().currentWindowGlobal is null
getMarionetteCommandsActorProxy/get/<@chrome://marionette/content/actors/MarionetteCommandsParent.jsm:331:29

!!! error running onStopped callback: TypeError: callback is not a function
1635470825446	Marionette	INFO	Stopped listening on port 61356

###!!! [Child][RunMessage] Error: Channel closing: too late to send/recv, messages will be lost

1635470825487	RemoteAgent	ERROR	unable to stop listener: [Exception... "Component returned failure code: 0x8000ffff (NS_ERROR_UNEXPECTED) [nsIWindowMediator.getEnumerator]"  nsresult: "0x8000ffff (NS_ERROR_UNEXPECTED)"  location: "JS frame :: chrome://remote/content/cdp/observers/TargetObserver.jsm :: stop :: line 61"  data: no] Stack trace: stop()@TargetObserver.jsm:61
unwatchForTabs()@TargetList.jsm:71
unwatchForTargets()@TargetList.jsm:38
destructor()@TargetList.jsm:110
close()@RemoteAgent.jsm:124
1635470831764	geckodriver	INFO	Listening on 127.0.0.1:61277
1635470834776	mozrunner::runner	INFO	Running command: "C:\\Program Files\\Mozilla Firefox\\firefox.exe" "--marionette" "--remote-debugging-port" "61278" "-no-remote" "-profile" "C:\\Users\\DARKWI~1\\AppData\\Local\\Temp\\rust_mozprofilelAgrik"
console.warn: SearchSettings: "get: No settings file exists, new profile?" (new Error("", "(unknown module)"))
DevTools listening on ws://localhost:61278/devtools/browser/b0c1f1b8-e8aa-4d0a-a43f-2d5cc9f351d3
1635470838137	Marionette	INFO	Listening on port 61286
1635470838445	Marionette	WARN	TLS certificate errors will be ignored for this session
Marionette threw an error: TypeError: browsingContextFn().currentWindowGlobal is null
getMarionetteCommandsActorProxy/get/<@chrome://marionette/content/actors/MarionetteCommandsParent.jsm:331:29

!!! error running onStopped callback: TypeError: callback is not a function
1635471041232	Marionette	INFO	Stopped listening on port 61286

###!!! [Child][RunMessage] Error: Channel closing: too late to send/recv, messages will be lost

1635471041269	RemoteAgent	ERROR	unable to stop listener: [Exception... "Component returned failure code: 0x8000ffff (NS_ERROR_UNEXPECTED) [nsIWindowMediator.getEnumerator]"  nsresult: "0x8000ffff (NS_ERROR_UNEXPECTED)"  location: "JS frame :: chrome://remote/content/cdp/observers/TargetObserver.jsm :: stop :: line 61"  data: no] Stack trace: stop()@TargetObserver.jsm:61
unwatchForTabs()@TargetList.jsm:71
unwatchForTargets()@TargetList.jsm:38
destructor()@TargetList.jsm:110
close()@RemoteAgent.jsm:124
1635471061173	geckodriver	INFO	Listening on 127.0.0.1:53633
1635471064199	mozrunner::runner	INFO	Running command: "C:\\Program Files\\Mozilla Firefox\\firefox.exe" "--marionette" "--remote-debugging-port" "53634" "-no-remote" "-profile" "C:\\Users\\DARKWI~1\\AppData\\Local\\Temp\\rust_mozprofilenoEykj"
console.warn: SearchSettings: "get: No settings file exists, new profile?" (new Error("", "(unknown module)"))
DevTools listening on ws://localhost:53634/devtools/browser/42ee1296-2650-427d-9f86-d72a3a4ea2d0
1635471067405	Marionette	INFO	Listening on port 53645
1635471067892	Marionette	WARN	TLS certificate errors will be ignored for this session
1635471084215	Marionette	INFO	Stopped listening on port 53645
!!! error running onStopped callback: TypeError: callback is not a function

###!!! [Child][RunMessage] Error: Channel closing: too late to send/recv, messages will be lost

1635471084687	RemoteAgent	ERROR	unable to stop listener: [Exception... "Component returned failure code: 0x8000ffff (NS_ERROR_UNEXPECTED) [nsIWindowMediator.getEnumerator]"  nsresult: "0x8000ffff (NS_ERROR_UNEXPECTED)"  location: "JS frame :: chrome://remote/content/cdp/observers/TargetObserver.jsm :: stop :: line 61"  data: no] Stack trace: stop()@TargetObserver.jsm:61
unwatchForTabs()@TargetList.jsm:71
unwatchForTargets()@TargetList.jsm:38
destructor()@TargetList.jsm:110
close()@RemoteAgent.jsm:124
1635471134125	geckodriver	INFO	Listening on 127.0.0.1:53898
1635471137171	mozrunner::runner	INFO	Running command: "C:\\Program Files\\Mozilla Firefox\\firefox.exe" "--marionette" "--remote-debugging-port" "53899" "-no-remote" "-profile" "C:\\Users\\DARKWI~1\\AppData\\Local\\Temp\\rust_mozprofile8Czohw"
console.warn: SearchSettings: "get: No settings file exists, new profile?" (new Error("", "(unknown module)"))
DevTools listening on ws://localhost:53899/devtools/browser/5bc801ec-efb3-42ff-8243-456414add20c
1635471141358	Marionette	INFO	Listening on port 53913
1635471141503	Marionette	WARN	TLS certificate errors will be ignored for this session
1635471154342	Marionette	INFO	Stopped listening on port 53913
!!! error running onStopped callback: TypeError: callback is not a function
[Child 32476, IPC I/O Child] WARNING: pipe error: 232: file /builds/worker/checkouts/gecko/ipc/chromium/src/chrome/common/ipc_channel_win.cc:544

###!!! [Child][RunMessage] Error: Channel closing: too late to send/recv, messages will be lost

1635471154940	RemoteAgent	ERROR	unable to stop listener: [Exception... "Component returned failure code: 0x8000ffff (NS_ERROR_UNEXPECTED) [nsIWindowMediator.getEnumerator]"  nsresult: "0x8000ffff (NS_ERROR_UNEXPECTED)"  location: "JS frame :: chrome://remote/content/cdp/observers/TargetObserver.jsm :: stop :: line 61"  data: no] Stack trace: stop()@TargetObserver.jsm:61
unwatchForTabs()@TargetList.jsm:71
unwatchForTargets()@TargetList.jsm:38
destructor()@TargetList.jsm:110
close()@RemoteAgent.jsm:124
1635471204742	geckodriver	INFO	Listening on 127.0.0.1:54106
1635471207772	mozrunner::runner	INFO	Running command: "C:\\Program Files\\Mozilla Firefox\\firefox.exe" "--marionette" "--remote-debugging-port" "54107" "-no-remote" "-profile" "C:\\Users\\DARKWI~1\\AppData\\Local\\Temp\\rust_mozprofilebRres8"
console.warn: SearchSettings: "get: No settings file exists, new profile?" (new Error("", "(unknown module)"))
DevTools listening on ws://localhost:54107/devtools/browser/b9f3c595-aed8-4da8-97f7-939dab1b06a8
1635471212144	Marionette	INFO	Listening on port 54115
1635471212643	Marionette	WARN	TLS certificate errors will be ignored for this session
1635471226403	Marionette	INFO	Stopped listening on port 54115
!!! error running onStopped callback: TypeError: callback is not a function

###!!! [Child][RunMessage] Error: Channel closing: too late to send/recv, messages will be lost

1635471227394	RemoteAgent	ERROR	unable to stop listener: [Exception... "Component returned failure code: 0x8000ffff (NS_ERROR_UNEXPECTED) [nsIWindowMediator.getEnumerator]"  nsresult: "0x8000ffff (NS_ERROR_UNEXPECTED)"  location: "JS frame :: chrome://remote/content/cdp/observers/TargetObserver.jsm :: stop :: line 61"  data: no] Stack trace: stop()@TargetObserver.jsm:61
unwatchForTabs()@TargetList.jsm:71
unwatchForTargets()@TargetList.jsm:38
destructor()@TargetList.jsm:110
close()@RemoteAgent.jsm:124
1635471326212	geckodriver	INFO	Listening on 127.0.0.1:54536
1635471329268	mozrunner::runner	INFO	Running command: "C:\\Program Files\\Mozilla Firefox\\firefox.exe" "--marionette" "--remote-debugging-port" "54537" "-no-remote" "-profile" "C:\\Users\\DARKWI~1\\AppData\\Local\\Temp\\rust_mozprofileCaTcrm"
console.warn: SearchSettings: "get: No settings file exists, new profile?" (new Error("", "(unknown module)"))
DevTools listening on ws://localhost:54537/devtools/browser/bc4b2415-e830-4a03-82e8-53b9b73d9c94
1635471333483	Marionette	INFO	Listening on port 54546
1635471333614	Marionette	WARN	TLS certificate errors will be ignored for this session
!!! error running onStopped callback: TypeError: callback is not a function
1635471468053	Marionette	INFO	Stopped listening on port 54546

###!!! [Child][RunMessage] Error: Channel closing: too late to send/recv, messages will be lost

1635471468116	RemoteAgent	ERROR	unable to stop listener: [Exception... "Component returned failure code: 0x8000ffff (NS_ERROR_UNEXPECTED) [nsIWindowMediator.getEnumerator]"  nsresult: "0x8000ffff (NS_ERROR_UNEXPECTED)"  location: "JS frame :: chrome://remote/content/cdp/observers/TargetObserver.jsm :: stop :: line 61"  data: no] Stack trace: stop()@TargetObserver.jsm:61
unwatchForTabs()@TargetList.jsm:71
unwaMarionette threw an error: TypeError: browsingContextFn().currentWindowGlobal is null
getMarionetteCommandsActorProxy/get/<@chrome://marionette/content/actors/MarionetteCommandsParent.jsm:331:29

!!! error running onStopped callback: TypeError: callback is not a function
1635471468874	Marionette	INFO	Stopped listening on port 54738

###!!! [Child][RunMessage] Error: Channel closing: too late to send/recv, messages will be lost

1635471469418	RemoteAgent	ERROR	unable to stop listener: [Exception... "Component returned failure code: 0x8000ffff (NS_ERROR_UNEXPECTED) [nsIWindowMediator.getEnumerator]"  nsresult: "0x8000ffff (NS_ERROR_UNEXPECTED)"  location: "JS frame :: chrome://remote/content/cdp/observers/TargetObserver.jsm :: stop :: line 61"  data: no] Stack trace: stop()@TargetObserver.jsm:61
unwatchForTabs()@TargetList.jsm:71
unwatchForTargets()@TargetList.jsm:38
destructor()@TargetList.jsm:110
close()@RemoteAgent.jsm:124
1635471487909	geckodriver	INFO	Listening on 127.0.0.1:55002
1635471490940	mozrunner::runner	INFO	Running command: "C:\\Program Files\\Mozilla Firefox\\firefox.exe" "--marionette" "--remote-debugging-port" "55003" "-no-remote" "-profile" "C:\\Users\\DARKWI~1\\AppData\\Local\\Temp\\rust_mozprofileeewyQK"
console.warn: SearchSettings: "get: No settings file exists, new profile?" (new Error("", "(unknown module)"))
DevTools listening on ws://localhost:55003/devtools/browser/70ffe0eb-0ce3-4bd2-89ad-958284e38021
1635471494951	Marionette	INFO	Listening on port 55012
1635471495186	Marionette	WARN	TLS certificate errors will be ignored for this session
1635471515272	Marionette	INFO	Stopped listening on port 55012
!!! error running onStopped callback: TypeError: callback is not a function

###!!! [Child][RunMessage] Error: Channel closing: too late to send/recv, messages will be lost

1635471515924	RemoteAgent	ERROR	unable to stop listener: [Exception... "Component returned failure code: 0x8000ffff (NS_ERROR_UNEXPECTED) [nsIWindowMediator.getEnumerator]"  nsresult: "0x8000ffff (NS_ERROR_UNEXPECTED)"  location: "JS frame :: chrome://remote/content/cdp/observers/TargetObserver.jsm :: stop :: line 61"  data: no] Stack trace: stop()@TargetObserver.jsm:61
unwatchForTabs()@TargetList.jsm:71
unwatchForTargets()@TargetList.jsm:38
destructor()@TargetList.jsm:110
close()@RemoteAgent.jsm:124
1635471575682	geckodriver	INFO	Listening on 127.0.0.1:59340
1635471578730	mozrunner::runner	INFO	Running command: "C:\\Program Files\\Mozilla Firefox\\firefox.exe" "--marionette" "--remote-debugging-port" "59341" "-no-remote" "-profile" "C:\\Users\\DARKWI~1\\AppData\\Local\\Temp\\rust_mozprofileE2vSw1"
console.warn: SearchSettings: "get: No settings file exists, new profile?" (new Error("", "(unknown module)"))
DevTools listening on ws://localhost:59341/devtools/browser/d31aeccb-68f9-4e7b-9e4a-e1ec37cdbb97
1635471583100	Marionette	INFO	Listening on port 59350
1635471583535	Marionette	WARN	TLS certificate errors will be ignored for this session
1635471601356	Marionette	INFO	Stopped listening on port 59350
!!! error running onStopped callback: TypeError: callback is not a function

###!!! [Child][RunMessage] Error: Channel closing: too late to send/recv, messages will be lost

1635471602057	RemoteAgent	ERROR	unable to stop listener: [Exception... "Component returned failure code: 0x8000ffff (NS_ERROR_UNEXPECTED) [nsIWindowMediator.getEnumerator]"  nsresult: "0x8000ffff (NS_ERROR_UNEXPECTED)"  location: "JS frame :: chrome://remote/content/cdp/observers/TargetObserver.jsm :: stop :: line 61"  data: no] Stack trace: stop()@TargetObserver.jsm:61
unwatchForTabs()@TargetList.jsm:71
unwatchForTargets()@TargetList.jsm:38
destructor()@TargetList.jsm:110
close()@RemoteAgent.jsm:124
1635473737693	geckodriver	INFO	Listening on 127.0.0.1:55552
1635473740714	mozrunner::runner	INFO	Running command: "C:\\Program Files\\Mozilla Firefox\\firefox.exe" "--marionette" "--remote-debugging-port" "55553" "-no-remote" "-profile" "C:\\Users\\DARKWI~1\\AppData\\Local\\Temp\\rust_mozprofilekc9Kl1"
console.warn: SearchSettings: "get: No settings file exists, new profile?" (new Error("", "(unknown module)"))
DevTools listening on ws://localhost:55553/devtools/browser/9b8922d1-6562-4d50-a4ec-2076b899dca3
1635473745014	Marionette	INFO	Listening on port 55575
1635473745526	Marionette	WARN	TLS certificate errors will be ignored for this session
1635473770194	Marionette	INFO	Stopped listening on port 55575
[Parent 29072, IPC I/O Parent] WARNING: file /builds/worker/checkouts/gecko/ipc/chromium/src/base/process_util_win.cc:167
!!! error running onStopped callback: TypeError: callback is not a function

###!!! [Child][RunMessage] Error: Channel closing: too late to send/recv, messages will be lost

1635473770939	RemoteAgent	ERROR	unable to stop listener: [Exception... "Component returned failure code: 0x8000ffff (NS_ERROR_UNEXPECTED) [nsIWindowMediator.getEnumerator]"  nsresult: "0x8000ffff (NS_ERROR_UNEXPECTED)"  location: "JS frame :: chrome://remote/content/cdp/observers/TargetObserver.jsm :: stop :: line 61"  data: no] Stack trace: stop()@TargetObserver.jsm:61
unwatchForTabs()@TargetList.jsm:71
unwatchForTargets()@TargetList.jsm:38
destructor()@TargetList.jsm:110
close()@RemoteAgent.jsm:124
1635997894648	geckodriver	INFO	Listening on 127.0.0.1:61142
1635997897660	mozrunner::runner	INFO	Running command: "C:\\Program Files\\Mozilla Firefox\\firefox.exe" "--marionette" "--remote-debugging-port" "61143" "-no-remote" "-profile" "C:\\Users\\DARKWI~1\\AppData\\Local\\Temp\\rust_mozprofilev40lVp"
1635997942839	geckodriver	INFO	Listening on 127.0.0.1:61273
1635997945852	mozrunner::runner	INFO	Running command: "C:\\Program Files\\Mozilla Firefox\\firefox.exe" "--marionette" "--remote-debugging-port" "61274" "-no-remote" "-profile" "C:\\Users\\DARKWI~1\\AppData\\Local\\Temp\\rust_mozprofileDAdFEv"
1635997946782	Marionette	INFO	Marionette enabled
console.warn: SearchSettings: "get: No settings file exists, new profile?" (new NotFoundError("Could not open the file at C:\\Users\\Dark Wizard\\AppData\\Local\\Temp\\rust_mozprofileDAdFEv\\search.json.mozlz4", (void 0)))
DevTools listening on ws://localhost:61274/devtools/browser/d4fcecb1-289c-42f6-897e-4798d79bb3b0
1635997950344	Marionette	INFO	Listening on port 61280
1635997950693	RemoteAgent	WARN	TLS certificate errors will be ignored for this session
JavaScript warning: https://pagead2.googlesyndication.com/bg/0jmaLa2Vi7bQBj1dGHpx_-l8OaoLSmLq4coDUffl6zA.js line 1 > eval line 3063 > eval line 1 > eval line 1 > eval, line 1: WEBGL_debug_renderer_info is deprecated in Firefox and will be removed. Please use RENDERER.
1635997973003	Marionette	INFO	Stopped listening on port 61280
JavaScript error: resource:///modules/Interactions.jsm, line 201: NS_ERROR_FAILURE: Component returned failure code: 0x80004005 (NS_ERROR_FAILURE) [nsIUserIdleService.removeIdleObserver]

###!!! [Parent][RunMessage] Error: Channel closing: too late to send/recv, messages will be lost

1635998400850	geckodriver	INFO	Listening on 127.0.0.1:52735
1635998403843	mozrunner::runner	INFO	Running command: "C:\\Program Files\\Mozilla Firefox\\firefox.exe" "--marionette" "--remote-debugging-port" "52736" "-no-remote" "-profile" "C:\\Users\\DARKWI~1\\AppData\\Local\\Temp\\rust_mozprofilekGnbu5"
1635998404495	Marionette	INFO	Marionette enabled
console.warn: SearchSettings: "get: No settings file exists, new profile?" (new NotFoundError("Could not open the file at C:\\Users\\Dark Wizard\\AppData\\Local\\Temp\\rust_mozprofilekGnbu5\\search.json.mozlz4", (void 0)))
DevTools listening on ws://localhost:52736/devtools/browser/db1836e5-6194-42ce-a6bb-5aaa95b1f910
1635998408682	Marionette	INFO	Listening on port 52745
1635998409154	RemoteAgent	WARN	TLS certificate errors will be ignored for this session
JavaScript warning: https://pagead2.googlesyndication.com/bg/0jmaLa2Vi7bQBj1dGHpx_-l8OaoLSmLq4coDUffl6zA.js line 1 > eval line 2541 > eval line 1 > eval line 1 > eval, line 1: WEBGL_debug_renderer_info is deprecated in Firefox and will be removed. Please use RENDERER.
1635998436137	Marionette	INFO	Stopped listening on port 52745
JavaScript error: resource:///modules/Interactions.jsm, line 201: NS_ERROR_FAILURE: Component returned failure code: 0x80004005 (NS_ERROR_FAILURE) [nsIUserIdleService.removeIdleObserver]

###!!! [Parent][RunMessage] Error: Channel closing: too late to send/recv, messages will be lost

1637931391920	geckodriver	INFO	Listening on 127.0.0.1:55602
1637931394968	mozrunner::runner	INFO	Running command: "C:\\Program Files\\Mozilla Firefox\\firefox.exe" "--marionette" "--remote-debugging-port" "55603" "-no-remote" "-profile" "C:\\Users\\DARKWI~1\\AppData\\Local\\Temp\\rust_mozprofile7eWj8r"
1637931396804	Marionette	INFO	Marionette enabled
console.warn: SearchSettings: "get: No settings file exists, new profile?" (new NotFoundError("Could not open the file at C:\\Users\\Dark Wizard\\AppData\\Local\\Temp\\rust_mozprofile7eWj8r\\search.json.mozlz4", (void 0)))
DevTools listening on ws://localhost:55603/devtools/browser/52cad2b4-3ddf-4434-811d-780a85b12bf2
1637931401118	Marionette	INFO	Listening on port 55611
1637931401352	RemoteAgent	WARN	TLS certificate errors will be ignored for this session
JavaScript warning: https://pagead2.googlesyndication.com/bg/Ydwwnsiz0RrvfpNl89rQqoBRiFg6eVxNIdbgsmjvwYM.js line 1 > eval line 5455 > eval line 1 > eval line 1 > eval, line 1: WEBGL_debug_renderer_info is deprecated in Firefox and will be removed. Please use RENDERER.
1637931422718	Marionette	INFO	Stopped listening on port 55611
